#
# There is insufficient memory for the Java Runtime Environment to continue.
# Native memory allocation (malloc) failed to allocate 1048576 bytes. Error detail: AllocateHeap
# Possible reasons:
#   The system is out of physical RAM or swap space
#   This process is running with CompressedOops enabled, and the Java Heap may be blocking the growth of the native heap
# Possible solutions:
#   Reduce memory load on the system
#   Increase physical memory or swap space
#   Check if swap backing store is full
#   Decrease Java heap size (-Xmx/-Xms)
#   Decrease number of Java threads
#   Decrease Java thread stack sizes (-Xss)
#   Set larger code cache with -XX:ReservedCodeCacheSize=
#   JVM is running with Unscaled Compressed Oops mode in which the Java heap is
#     placed in the first 4GB address space. The Java Heap base address is the
#     maximum limit for the native heap growth. Please use -XX:HeapBaseMinAddress
#     to set the Java Heap base and to place the Java Heap above 4GB virtual address.
# This output file may be truncated or incomplete.
#
#  Out of Memory Error (allocation.cpp:44), pid=8044, tid=14300
#
# JRE version:  (17.0.13+11) (build )
# Java VM: OpenJDK 64-Bit Server VM (17.0.13+11, mixed mode, tiered, compressed oops, compressed class ptrs, parallel gc, windows-amd64)
# No core dump will be written. Minidumps are not enabled by default on client versions of Windows
#

---------------  S U M M A R Y ------------

Command Line: --add-modules=ALL-SYSTEM --add-opens=java.base/java.util=ALL-UNNAMED --add-opens=java.base/java.lang=ALL-UNNAMED --add-opens=java.base/sun.nio.fs=ALL-UNNAMED -Declipse.application=org.eclipse.jdt.ls.core.id1 -Dosgi.bundles.defaultStartLevel=4 -Declipse.product=org.eclipse.jdt.ls.core.product -Djava.import.generatesMetadataFilesAtProjectRoot=false -DDetectVMInstallationsJob.disabled=true -Dfile.encoding=utf8 -XX:+UseParallelGC -XX:GCTimeRatio=4 -XX:AdaptiveSizePolicyWeight=90 -Dsun.zip.disableMemoryMapping=true -Xmx1G -Xms100m -Xlog:disable -javaagent:c:\Users\Asaph\.vscode\extensions\redhat.java-1.38.0-win32-x64\lombok\lombok-1.18.34.jar c:\Users\Asaph\.vscode\extensions\redhat.java-1.38.0-win32-x64\server\plugins\org.eclipse.equinox.launcher_1.6.900.v20240613-2009.jar -configuration c:\Users\Asaph\AppData\Roaming\Code\User\globalStorage\redhat.java\1.38.0\config_ss_win -data c:\Users\Asaph\AppData\Roaming\Code\User\workspaceStorage\43b6ee9b51cbd7e6b5de8a3bab50be11\redhat.java\ss_ws --pipe=\\.\pipe\lsp-4a56c8ec37aac6c61892034652c4c130-sock

Host: Intel(R) Core(TM) i7-8665U CPU @ 1.90GHz, 8 cores, 15G,  Windows 11 , 64 bit Build 22000 (10.0.22000.2538)
Time: Sun Jan 12 10:08:16 2025 Afr. centrale Ouest elapsed time: 0.122284 seconds (0d 0h 0m 0s)

---------------  T H R E A D  ---------------

Current thread (0x0000025ca3ec1790):  JavaThread "Unknown thread" [_thread_in_vm, id=14300, stack(0x000000a543e00000,0x000000a543f00000)]

Stack: [0x000000a543e00000,0x000000a543f00000]
Native frames: (J=compiled Java code, j=interpreted, Vv=VM code, C=native code)
V  [jvm.dll+0x682a19]
V  [jvm.dll+0x839538]
V  [jvm.dll+0x83afe3]
V  [jvm.dll+0x83b653]
V  [jvm.dll+0x24704f]
V  [jvm.dll+0xa7543]
V  [jvm.dll+0x6b60e6]
V  [jvm.dll+0x6b6dde]
V  [jvm.dll+0x68f243]
V  [jvm.dll+0x80bb63]
V  [jvm.dll+0x36b514]
V  [jvm.dll+0x7e9e3f]
V  [jvm.dll+0x3f1d7f]
V  [jvm.dll+0x3f38b1]
C  [jli.dll+0x5278]
C  [ucrtbase.dll+0x26c0c]
C  [KERNEL32.DLL+0x153e0]
C  [ntdll.dll+0x485b]


---------------  P R O C E S S  ---------------

Threads class SMR info:
_java_thread_list=0x00007ff83ce87f58, length=0, elements={
}

Java Threads: ( => current thread )

Other Threads:
  0x0000025ca3ed7dd0 GCTaskThread "GC Thread#0" [stack: 0x000000a543f00000,0x000000a544000000] [id=12632]

=>0x0000025ca3ec1790 (exited) JavaThread "Unknown thread" [_thread_in_vm, id=14300, stack(0x000000a543e00000,0x000000a543f00000)]

Threads with active compile tasks:

VM state: not at safepoint (normal execution)

VM Mutex/Monitor currently owned by a thread: None

Heap address: 0x00000000c0000000, size: 1024 MB, Compressed Oops mode: 32-bit

CDS archive(s) not mapped
Compressed class space mapped at: 0x0000000100000000-0x0000000140000000, reserved size: 1073741824
Narrow klass base: 0x0000000000000000, Narrow klass shift: 3, Narrow klass range: 0x140000000

GC Precious Log:
 CPUs: 8 total, 8 available
 Memory: 16198M
 Large Page Support: Disabled
 NUMA Support: Disabled
 Compressed Oops: Enabled (32-bit)
 Alignments: Space 512K, Generation 512K, Heap 2M
 Heap Min Capacity: 100M
 Heap Initial Capacity: 100M
 Heap Max Capacity: 1G
 Pre-touch: Disabled
 Parallel Workers: 8

Heap:
 PSYoungGen      total 29696K, used 512K [0x00000000eab00000, 0x00000000ecc00000, 0x0000000100000000)
  eden space 25600K, 2% used [0x00000000eab00000,0x00000000eab80070,0x00000000ec400000)
  from space 4096K, 0% used [0x00000000ec800000,0x00000000ec800000,0x00000000ecc00000)
  to   space 4096K, 0% used [0x00000000ec400000,0x00000000ec400000,0x00000000ec800000)
 ParOldGen       total 68608K, used 0K [0x00000000c0000000, 0x00000000c4300000, 0x00000000eab00000)
  object space 68608K, 0% used [0x00000000c0000000,0x00000000c0000000,0x00000000c4300000)
 Metaspace       used 1149K, committed 1216K, reserved 1114112K
  class space    used 101K, committed 128K, reserved 1048576K

Card table byte_map: [0x0000025ca3890000,0x0000025ca3aa0000] _byte_map_base: 0x0000025ca3290000

Marking Bits: (ParMarkBitMap*) 0x00007ff83cef6940
 Begin Bits: [0x0000025cb5b60000, 0x0000025cb6b60000)
 End Bits:   [0x0000025cb6b60000, 0x0000025cb7b60000)

Polling page: 0x0000025ca3680000

Metaspace:

Usage:
  Non-class:      1.02 MB used.
      Class:    101.05 KB used.
       Both:      1.12 MB used.

Virtual space:
  Non-class space:       64.00 MB reserved,       1.06 MB (  2%) committed,  1 nodes.
      Class space:        1.00 GB reserved,     128.00 KB ( <1%) committed,  1 nodes.
             Both:        1.06 GB reserved,       1.19 MB ( <1%) committed. 

Chunk freelists:
   Non-Class:  12.00 MB
       Class:  15.75 MB
        Both:  27.75 MB

MaxMetaspaceSize: unlimited
CompressedClassSpaceSize: 1.00 GB
Initial GC threshold: 21.00 MB
Current GC threshold: 17179869184.00 GB
CDS: off
MetaspaceReclaimPolicy: balanced
 - commit_granule_bytes: 65536.
 - commit_granule_words: 8192.
 - virtual_space_node_default_size: 8388608.
 - enlarge_chunks_in_place: 1.
 - new_chunks_are_fully_committed: 0.
 - uncommit_free_chunks: 1.
 - use_allocation_guard: 0.
 - handle_deallocations: 1.


Internal statistics:

num_allocs_failed_limit: 0.
num_arena_births: 2.
num_arena_deaths: 0.
num_vsnodes_births: 2.
num_vsnodes_deaths: 0.
num_space_committed: 19.
num_space_uncommitted: 0.
num_chunks_returned_to_freelist: 0.
num_chunks_taken_from_freelist: 3.
num_chunk_merges: 0.
num_chunk_splits: 2.
num_chunks_enlarged: 0.
num_inconsistent_stats: 0.

CodeHeap 'non-profiled nmethods': size=120000Kb used=0Kb max_used=0Kb free=120000Kb
 bounds [0x0000025cae630000, 0x0000025cae8a0000, 0x0000025cb5b60000]
CodeHeap 'profiled nmethods': size=120000Kb used=0Kb max_used=0Kb free=120000Kb
 bounds [0x0000025ca6b60000, 0x0000025ca6dd0000, 0x0000025cae090000]
CodeHeap 'non-nmethods': size=5760Kb used=202Kb max_used=353Kb free=5557Kb
 bounds [0x0000025cae090000, 0x0000025cae300000, 0x0000025cae630000]
 total_blobs=66 nmethods=0 adapters=47
 compilation: enabled
              stopped_count=0, restarted_count=0
 full_count=0

Compilation events (0 events):
No events

GC Heap History (0 events):
No events

Dll operation events (1 events):
Event: 0.039 Loaded shared library c:\Users\Asaph\.vscode\extensions\redhat.java-1.38.0-win32-x64\jre\17.0.13-win32-x86_64\bin\java.dll

Deoptimization events (0 events):
No events

Classes loaded (20 events):
Event: 0.113 Loading class java/lang/Long
Event: 0.113 Loading class java/lang/Long done
Event: 0.113 Loading class java/util/Iterator
Event: 0.113 Loading class java/util/Iterator done
Event: 0.113 Loading class java/lang/reflect/RecordComponent
Event: 0.113 Loading class java/lang/reflect/RecordComponent done
Event: 0.113 Loading class jdk/internal/vm/vector/VectorSupport
Event: 0.114 Loading class jdk/internal/vm/vector/VectorSupport done
Event: 0.114 Loading class jdk/internal/vm/vector/VectorSupport$VectorPayload
Event: 0.114 Loading class jdk/internal/vm/vector/VectorSupport$VectorPayload done
Event: 0.114 Loading class jdk/internal/vm/vector/VectorSupport$Vector
Event: 0.114 Loading class jdk/internal/vm/vector/VectorSupport$Vector done
Event: 0.114 Loading class jdk/internal/vm/vector/VectorSupport$VectorMask
Event: 0.114 Loading class jdk/internal/vm/vector/VectorSupport$VectorMask done
Event: 0.114 Loading class jdk/internal/vm/vector/VectorSupport$VectorShuffle
Event: 0.114 Loading class jdk/internal/vm/vector/VectorSupport$VectorShuffle done
Event: 0.120 Loading class java/lang/NullPointerException
Event: 0.120 Loading class java/lang/NullPointerException done
Event: 0.120 Loading class java/lang/ArithmeticException
Event: 0.120 Loading class java/lang/ArithmeticException done

Classes unloaded (0 events):
No events

Classes redefined (0 events):
No events

Internal exceptions (0 events):
No events

VM Operations (0 events):
No events

Memory protections (0 events):
No events

Nmethod flushes (0 events):
No events

Events (0 events):
No events


Dynamic libraries:
0x00007ff7e0200000 - 0x00007ff7e020e000 	c:\Users\Asaph\.vscode\extensions\redhat.java-1.38.0-win32-x64\jre\17.0.13-win32-x86_64\bin\java.exe
0x00007ff8b9260000 - 0x00007ff8b9469000 	C:\Windows\SYSTEM32\ntdll.dll
0x00007ff8b83f0000 - 0x00007ff8b84ad000 	C:\Windows\System32\KERNEL32.DLL
0x00007ff8b6aa0000 - 0x00007ff8b6e24000 	C:\Windows\System32\KERNELBASE.dll
0x00007ff8b6760000 - 0x00007ff8b6871000 	C:\Windows\System32\ucrtbase.dll
0x00007ff899d90000 - 0x00007ff899da7000 	c:\Users\Asaph\.vscode\extensions\redhat.java-1.38.0-win32-x64\jre\17.0.13-win32-x86_64\bin\jli.dll
0x00007ff8b86a0000 - 0x00007ff8b884d000 	C:\Windows\System32\USER32.dll
0x00007ff896d10000 - 0x00007ff896d2e000 	c:\Users\Asaph\.vscode\extensions\redhat.java-1.38.0-win32-x64\jre\17.0.13-win32-x86_64\bin\VCRUNTIME140.dll
0x00007ff8b6880000 - 0x00007ff8b68a6000 	C:\Windows\System32\win32u.dll
0x00007ff89b350000 - 0x00007ff89b5f5000 	C:\Windows\WinSxS\amd64_microsoft.windows.common-controls_6595b64144ccf1df_6.0.22000.120_none_9d947278b86cc467\COMCTL32.dll
0x00007ff8b7830000 - 0x00007ff8b785a000 	C:\Windows\System32\GDI32.dll
0x00007ff8b7b70000 - 0x00007ff8b7c13000 	C:\Windows\System32\msvcrt.dll
0x00007ff8b6e30000 - 0x00007ff8b6f4e000 	C:\Windows\System32\gdi32full.dll
0x00007ff8b66c0000 - 0x00007ff8b675d000 	C:\Windows\System32\msvcp_win.dll
0x00007ff8b76a0000 - 0x00007ff8b76d1000 	C:\Windows\System32\IMM32.DLL
0x00007ff8b1e40000 - 0x00007ff8b1e4c000 	c:\Users\Asaph\.vscode\extensions\redhat.java-1.38.0-win32-x64\jre\17.0.13-win32-x86_64\bin\vcruntime140_1.dll
0x00007ff851790000 - 0x00007ff85181d000 	c:\Users\Asaph\.vscode\extensions\redhat.java-1.38.0-win32-x64\jre\17.0.13-win32-x86_64\bin\msvcp140.dll
0x00007ff83c350000 - 0x00007ff83cfbb000 	c:\Users\Asaph\.vscode\extensions\redhat.java-1.38.0-win32-x64\jre\17.0.13-win32-x86_64\bin\server\jvm.dll
0x00007ff8b76e0000 - 0x00007ff8b778e000 	C:\Windows\System32\ADVAPI32.dll
0x00007ff8b7790000 - 0x00007ff8b782e000 	C:\Windows\System32\sechost.dll
0x00007ff8b7090000 - 0x00007ff8b71b1000 	C:\Windows\System32\RPCRT4.dll
0x00007ff8b8850000 - 0x00007ff8b88bf000 	C:\Windows\System32\WS2_32.dll
0x00007ff8b6070000 - 0x00007ff8b60bd000 	C:\Windows\SYSTEM32\POWRPROF.dll
0x00007ff8ad780000 - 0x00007ff8ad78a000 	C:\Windows\SYSTEM32\VERSION.dll
0x00007ff8afa50000 - 0x00007ff8afa83000 	C:\Windows\SYSTEM32\WINMM.dll
0x00007ff8b6020000 - 0x00007ff8b6033000 	C:\Windows\SYSTEM32\UMPDC.dll
0x00007ff8b5730000 - 0x00007ff8b5748000 	C:\Windows\SYSTEM32\kernel.appcore.dll
0x00007ff8a6320000 - 0x00007ff8a632a000 	c:\Users\Asaph\.vscode\extensions\redhat.java-1.38.0-win32-x64\jre\17.0.13-win32-x86_64\bin\jimage.dll
0x00007ff8a8b80000 - 0x00007ff8a8da1000 	C:\Windows\SYSTEM32\DBGHELP.DLL
0x00007ff8a8b40000 - 0x00007ff8a8b71000 	C:\Windows\SYSTEM32\dbgcore.DLL
0x00007ff8b6a20000 - 0x00007ff8b6a9f000 	C:\Windows\System32\bcryptPrimitives.dll
0x00007ff8a6000000 - 0x00007ff8a600e000 	c:\Users\Asaph\.vscode\extensions\redhat.java-1.38.0-win32-x64\jre\17.0.13-win32-x86_64\bin\instrument.dll
0x00007ff896830000 - 0x00007ff896855000 	c:\Users\Asaph\.vscode\extensions\redhat.java-1.38.0-win32-x64\jre\17.0.13-win32-x86_64\bin\java.dll
0x00007ff896810000 - 0x00007ff896828000 	c:\Users\Asaph\.vscode\extensions\redhat.java-1.38.0-win32-x64\jre\17.0.13-win32-x86_64\bin\zip.dll

dbghelp: loaded successfully - version: 4.0.5 - missing functions: none
symbol engine: initialized successfully - sym options: 0x614 - pdb path: .;c:\Users\Asaph\.vscode\extensions\redhat.java-1.38.0-win32-x64\jre\17.0.13-win32-x86_64\bin;C:\Windows\SYSTEM32;C:\Windows\WinSxS\amd64_microsoft.windows.common-controls_6595b64144ccf1df_6.0.22000.120_none_9d947278b86cc467;c:\Users\Asaph\.vscode\extensions\redhat.java-1.38.0-win32-x64\jre\17.0.13-win32-x86_64\bin\server

VM Arguments:
jvm_args: --add-modules=ALL-SYSTEM --add-opens=java.base/java.util=ALL-UNNAMED --add-opens=java.base/java.lang=ALL-UNNAMED --add-opens=java.base/sun.nio.fs=ALL-UNNAMED -Declipse.application=org.eclipse.jdt.ls.core.id1 -Dosgi.bundles.defaultStartLevel=4 -Declipse.product=org.eclipse.jdt.ls.core.product -Djava.import.generatesMetadataFilesAtProjectRoot=false -DDetectVMInstallationsJob.disabled=true -Dfile.encoding=utf8 -XX:+UseParallelGC -XX:GCTimeRatio=4 -XX:AdaptiveSizePolicyWeight=90 -Dsun.zip.disableMemoryMapping=true -Xmx1G -Xms100m -Xlog:disable -javaagent:c:\Users\Asaph\.vscode\extensions\redhat.java-1.38.0-win32-x64\lombok\lombok-1.18.34.jar 
java_command: c:\Users\Asaph\.vscode\extensions\redhat.java-1.38.0-win32-x64\server\plugins\org.eclipse.equinox.launcher_1.6.900.v20240613-2009.jar -configuration c:\Users\Asaph\AppData\Roaming\Code\User\globalStorage\redhat.java\1.38.0\config_ss_win -data c:\Users\Asaph\AppData\Roaming\Code\User\workspaceStorage\43b6ee9b51cbd7e6b5de8a3bab50be11\redhat.java\ss_ws --pipe=\\.\pipe\lsp-4a56c8ec37aac6c61892034652c4c130-sock
java_class_path (initial): c:\Users\Asaph\.vscode\extensions\redhat.java-1.38.0-win32-x64\server\plugins\org.eclipse.equinox.launcher_1.6.900.v20240613-2009.jar
Launcher Type: SUN_STANDARD

[Global flags]
    uintx AdaptiveSizePolicyWeight                 = 90                                        {product} {command line}
     intx CICompilerCount                          = 4                                         {product} {ergonomic}
    uintx GCTimeRatio                              = 4                                         {product} {command line}
   size_t InitialHeapSize                          = 104857600                                 {product} {command line}
   size_t MaxHeapSize                              = 1073741824                                {product} {command line}
   size_t MaxNewSize                               = 357564416                                 {product} {ergonomic}
   size_t MinHeapDeltaBytes                        = 524288                                    {product} {ergonomic}
   size_t MinHeapSize                              = 104857600                                 {product} {command line}
   size_t NewSize                                  = 34603008                                  {product} {ergonomic}
    uintx NonNMethodCodeHeapSize                   = 5839372                                {pd product} {ergonomic}
    uintx NonProfiledCodeHeapSize                  = 122909434                              {pd product} {ergonomic}
   size_t OldSize                                  = 70254592                                  {product} {ergonomic}
    uintx ProfiledCodeHeapSize                     = 122909434                              {pd product} {ergonomic}
    uintx ReservedCodeCacheSize                    = 251658240                              {pd product} {ergonomic}
     bool SegmentedCodeCache                       = true                                      {product} {ergonomic}
   size_t SoftMaxHeapSize                          = 1073741824                             {manageable} {ergonomic}
     bool UseCompressedClassPointers               = true                           {product lp64_product} {ergonomic}
     bool UseCompressedOops                        = true                           {product lp64_product} {ergonomic}
     bool UseLargePagesIndividualAllocation        = false                                  {pd product} {ergonomic}
     bool UseParallelGC                            = true                                      {product} {command line}

Logging:
Log output configuration:
 #0: stdout all=off uptime,level,tags
 #1: stderr all=off uptime,level,tags

Environment Variables:
JAVA_HOME=C:\Program Files\Java\jdk-17
CLASSPATH=C:\LINGO64_21\Lingo21.jar
PATH=C:\Users\Asaph\AppData\Local\flutter\bin;C:\Program Files (x86)\VMware\VMware Workstation\bin\;C:\Windows\system32;C:\Windows;C:\Windows\System32\Wbem;C:\Windows\System32\WindowsPowerShell\v1.0\;C:\Windows\System32\OpenSSH\;C:\Program Files\Java\jdk-17\bin;C:\ProgramData\chocolatey\bin;C:\Program Files\dotnet\;C:\MinGW\bin;C:\apache-maven\apache-maven-3.9.6\bin;C:\php-8.2.5-nts-Win32-vs16-x64;C:\Program Files\MiKTeX\miktex\bin\x64\;C:\apache-tomcat\apache-tomcat-7.0.109\bin;C:\ghc-9.8.3-x86_64-unknown-mingw32\bin;C:\cabal-install-3.12.1.0-x86_64-windows;C:\cabal-install-3.10.2.0-x86_64-windows;C:\Program Files\MongoDB\Server\8.0\bin;C:\mongosh-2.3.3-win32-x64\bin;C:\LINGO64_21\;C:\Program Files\Microsoft SQL Server\150\Tools\Binn\;C:\Program Files\Microsoft SQL Server\Client SDK\ODBC\170\Tools\Binn\;C:\Users\Asaph\AppData\Roaming\npm;C:\Program Files\Git\cmd;C:\dart-sdk\bin;C:\Users\Asaph\AppData\Local\Android\Sdk\cmdline-tools\latest\bin;C:\Program Files\Pandoc\;C:\TeXcount_3_2_0_41;C:\Strawberry\c\bin;C:\Strawberry\perl\site\bin;C:\Strawberry\perl\bin;C:\ltex-ls-16.0.0\bin;C:\Program Files\nodejs\;C:\Users\Asaph\AppData\Local\Microsoft\WindowsApps;C:\Users\Asaph\AppData\Local\GitHubDesktop\bin;C:\Users\Asaph\.dotnet\tools;C:\Program Files\Git\bin;C:\Users\Asaph\AppData\Local\Programs\Microsoft VS Code\bin;C:\Users\Asaph\AppData\Roaming\npm
USERNAME=Asaph
OS=Windows_NT
PROCESSOR_IDENTIFIER=Intel64 Family 6 Model 142 Stepping 12, GenuineIntel
TMP=C:\Users\Asaph\AppData\Local\Temp
TEMP=C:\Users\Asaph\AppData\Local\Temp



Periodic native trim disabled


---------------  S Y S T E M  ---------------

OS:
 Windows 11 , 64 bit Build 22000 (10.0.22000.2538)
OS uptime: 0 days 1:24 hours

CPU: total 8 (initial active 8) (4 cores per cpu, 2 threads per core) family 6 model 142 stepping 12 microcode 0xf8, cx8, cmov, fxsr, ht, mmx, 3dnowpref, sse, sse2, sse3, ssse3, sse4.1, sse4.2, popcnt, lzcnt, tsc, tscinvbit, avx, avx2, aes, erms, clmul, bmi1, bmi2, adx, fma, vzeroupper, clflush, clflushopt
Processor Information for processor 0
  Max Mhz: 2112, Current Mhz: 1910, Mhz Limit: 1900
Processor Information for processor 1
  Max Mhz: 2112, Current Mhz: 1910, Mhz Limit: 1900
Processor Information for processor 2
  Max Mhz: 2112, Current Mhz: 1910, Mhz Limit: 1900
Processor Information for processor 3
  Max Mhz: 2112, Current Mhz: 1508, Mhz Limit: 1900
Processor Information for processor 4
  Max Mhz: 2112, Current Mhz: 1508, Mhz Limit: 1900
Processor Information for processor 5
  Max Mhz: 2112, Current Mhz: 1910, Mhz Limit: 1900
Processor Information for processor 6
  Max Mhz: 2112, Current Mhz: 1910, Mhz Limit: 1900
Processor Information for processor 7
  Max Mhz: 2112, Current Mhz: 1910, Mhz Limit: 1900

Memory: 4k page, system-wide physical 16198M (4823M free)
TotalPageFile size 24224M (AvailPageFile size 20M)
current process WorkingSet (physical memory assigned to process): 16M, peak: 16M
current process commit charge ("private bytes"): 149M, peak: 150M

vm_info: OpenJDK 64-Bit Server VM (17.0.13+11) for windows-amd64 JRE (17.0.13+11), built on Oct 16 2024 00:10:08 by "admin" with MS VC++ 17.7 (VS2022)

END.
