#
# There is insufficient memory for the Java Runtime Environment to continue.
# Native memory allocation (malloc) failed to allocate 131696 bytes. Error detail: Chunk::new
# Possible reasons:
#   The system is out of physical RAM or swap space
#   This process is running with CompressedOops enabled, and the Java Heap may be blocking the growth of the native heap
# Possible solutions:
#   Reduce memory load on the system
#   Increase physical memory or swap space
#   Check if swap backing store is full
#   Decrease Java heap size (-Xmx/-Xms)
#   Decrease number of Java threads
#   Decrease Java thread stack sizes (-Xss)
#   Set larger code cache with -XX:ReservedCodeCacheSize=
#   JVM is running with Unscaled Compressed Oops mode in which the Java heap is
#     placed in the first 4GB address space. The Java Heap base address is the
#     maximum limit for the native heap growth. Please use -XX:HeapBaseMinAddress
#     to set the Java Heap base and to place the Java Heap above 4GB virtual address.
# This output file may be truncated or incomplete.
#
#  Out of Memory Error (arena.cpp:191), pid=7792, tid=2452
#
# JRE version: OpenJDK Runtime Environment Temurin-17.0.13+11 (17.0.13+11) (build 17.0.13+11)
# Java VM: OpenJDK 64-Bit Server VM Temurin-17.0.13+11 (17.0.13+11, mixed mode, tiered, compressed oops, compressed class ptrs, parallel gc, windows-amd64)
# No core dump will be written. Minidumps are not enabled by default on client versions of Windows
#

---------------  S U M M A R Y ------------

Command Line: --add-modules=ALL-SYSTEM --add-opens=java.base/java.util=ALL-UNNAMED --add-opens=java.base/java.lang=ALL-UNNAMED --add-opens=java.base/sun.nio.fs=ALL-UNNAMED -Declipse.application=org.eclipse.jdt.ls.core.id1 -Dosgi.bundles.defaultStartLevel=4 -Declipse.product=org.eclipse.jdt.ls.core.product -Djava.import.generatesMetadataFilesAtProjectRoot=false -DDetectVMInstallationsJob.disabled=true -Dfile.encoding=utf8 -XX:+UseParallelGC -XX:GCTimeRatio=4 -XX:AdaptiveSizePolicyWeight=90 -Dsun.zip.disableMemoryMapping=true -Xmx1G -Xms100m -Xlog:disable -javaagent:c:\Users\Asaph\.vscode\extensions\redhat.java-1.38.0-win32-x64\lombok\lombok-1.18.34.jar c:\Users\Asaph\.vscode\extensions\redhat.java-1.38.0-win32-x64\server\plugins\org.eclipse.equinox.launcher_1.6.900.v20240613-2009.jar -configuration c:\Users\Asaph\AppData\Roaming\Code\User\globalStorage\redhat.java\1.38.0\config_ss_win -data c:\Users\Asaph\AppData\Roaming\Code\User\workspaceStorage\43b6ee9b51cbd7e6b5de8a3bab50be11\redhat.java\ss_ws --pipe=\\.\pipe\lsp-e0542654e768e2f2258c1ebed687f156-sock

Host: Intel(R) Core(TM) i7-8665U CPU @ 1.90GHz, 8 cores, 15G,  Windows 11 , 64 bit Build 22000 (10.0.22000.2538)
Time: Sun Jan 19 16:32:55 2025 Afr. centrale Ouest elapsed time: 16.054145 seconds (0d 0h 0m 16s)

---------------  T H R E A D  ---------------

Current thread (0x000001c031e53990):  JavaThread "C2 CompilerThread0" daemon [_thread_in_native, id=2452, stack(0x000000a06e900000,0x000000a06ea00000)]


Current CompileTask:
C2:  16054 4333 %     4       java.net.URI::quote @ 24 (214 bytes)

Stack: [0x000000a06e900000,0x000000a06ea00000]
Native frames: (J=compiled Java code, j=interpreted, Vv=VM code, C=native code)
V  [jvm.dll+0x682a19]
V  [jvm.dll+0x839538]
V  [jvm.dll+0x83afe3]
V  [jvm.dll+0x83b653]
V  [jvm.dll+0x24704f]
V  [jvm.dll+0xace34]
V  [jvm.dll+0xad4cc]
V  [jvm.dll+0x2ac84f]
V  [jvm.dll+0x588a79]
V  [jvm.dll+0x220ea2]
V  [jvm.dll+0x21992b]
V  [jvm.dll+0x21738b]
V  [jvm.dll+0x1a3070]
V  [jvm.dll+0x22788c]
V  [jvm.dll+0x2259eb]
V  [jvm.dll+0x7eec98]
V  [jvm.dll+0x7e8ffc]
V  [jvm.dll+0x6818f7]
C  [ucrtbase.dll+0x26c0c]
C  [KERNEL32.DLL+0x153e0]
C  [ntdll.dll+0x485b]


---------------  P R O C E S S  ---------------

Threads class SMR info:
_java_thread_list=0x000001c034fdfb30, length=35, elements={
0x000001c016da0220, 0x000001c02cb96d70, 0x000001c02cb9ac70, 0x000001c016e572d0,
0x000001c031e48020, 0x000001c031e491f0, 0x000001c031e4b270, 0x000001c031e53990,
0x000001c031e54cd0, 0x000001c031e57dd0, 0x000001c031fa3950, 0x000001c0321e8a30,
0x000001c033751730, 0x000001c0336f80d0, 0x000001c03367f5a0, 0x000001c033611440,
0x000001c03395dec0, 0x000001c03395c570, 0x000001c03395edf0, 0x000001c03395cf90,
0x000001c03395ca80, 0x000001c03395d4a0, 0x000001c03395e3d0, 0x000001c03395e8e0,
0x000001c03395f300, 0x000001c03395f810, 0x000001c03395d9b0, 0x000001c03395c060,
0x000001c0357de610, 0x000001c0357db370, 0x000001c0357dd6e0, 0x000001c0357dccc0,
0x000001c0357de100, 0x000001c0357dd1d0, 0x000001c0357db880
}

Java Threads: ( => current thread )
  0x000001c016da0220 JavaThread "main" [_thread_blocked, id=16284, stack(0x000000a06e000000,0x000000a06e100000)]
  0x000001c02cb96d70 JavaThread "Reference Handler" daemon [_thread_blocked, id=15180, stack(0x000000a06e300000,0x000000a06e400000)]
  0x000001c02cb9ac70 JavaThread "Finalizer" daemon [_thread_blocked, id=18052, stack(0x000000a06e400000,0x000000a06e500000)]
  0x000001c016e572d0 JavaThread "Signal Dispatcher" daemon [_thread_blocked, id=6324, stack(0x000000a06e500000,0x000000a06e600000)]
  0x000001c031e48020 JavaThread "Attach Listener" daemon [_thread_blocked, id=7032, stack(0x000000a06e600000,0x000000a06e700000)]
  0x000001c031e491f0 JavaThread "Service Thread" daemon [_thread_blocked, id=11708, stack(0x000000a06e700000,0x000000a06e800000)]
  0x000001c031e4b270 JavaThread "Monitor Deflation Thread" daemon [_thread_blocked, id=17252, stack(0x000000a06e800000,0x000000a06e900000)]
=>0x000001c031e53990 JavaThread "C2 CompilerThread0" daemon [_thread_in_native, id=2452, stack(0x000000a06e900000,0x000000a06ea00000)]
  0x000001c031e54cd0 JavaThread "C1 CompilerThread0" daemon [_thread_blocked, id=18336, stack(0x000000a06ea00000,0x000000a06eb00000)]
  0x000001c031e57dd0 JavaThread "Sweeper thread" daemon [_thread_blocked, id=13604, stack(0x000000a06eb00000,0x000000a06ec00000)]
  0x000001c031fa3950 JavaThread "Common-Cleaner" daemon [_thread_blocked, id=5736, stack(0x000000a06ec00000,0x000000a06ed00000)]
  0x000001c0321e8a30 JavaThread "Notification Thread" daemon [_thread_blocked, id=14096, stack(0x000000a06ee00000,0x000000a06ef00000)]
  0x000001c033751730 JavaThread "Active Thread: Equinox Container: bfac79a3-451c-4ada-a7ec-806cc655675d" [_thread_blocked, id=9968, stack(0x000000a06f700000,0x000000a06f800000)]
  0x000001c0336f80d0 JavaThread "Framework Event Dispatcher: Equinox Container: bfac79a3-451c-4ada-a7ec-806cc655675d" daemon [_thread_blocked, id=15292, stack(0x000000a06f800000,0x000000a06f900000)]
  0x000001c03367f5a0 JavaThread "Start Level: Equinox Container: bfac79a3-451c-4ada-a7ec-806cc655675d" daemon [_thread_blocked, id=15680, stack(0x000000a06f900000,0x000000a06fa00000)]
  0x000001c033611440 JavaThread "SCR Component Actor" daemon [_thread_blocked, id=15988, stack(0x000000a06fa00000,0x000000a06fb00000)]
  0x000001c03395dec0 JavaThread "Worker-JM" [_thread_blocked, id=16972, stack(0x000000a06fb00000,0x000000a06fc00000)]
  0x000001c03395c570 JavaThread "JNA Cleaner" daemon [_thread_blocked, id=15684, stack(0x000000a06fc00000,0x000000a06fd00000)]
  0x000001c03395edf0 JavaThread "Worker-0" [_thread_blocked, id=13740, stack(0x000000a06fd00000,0x000000a06fe00000)]
  0x000001c03395cf90 JavaThread "Worker-1" [_thread_blocked, id=6700, stack(0x000000a06fe00000,0x000000a06ff00000)]
  0x000001c03395ca80 JavaThread "Worker-2" [_thread_blocked, id=1704, stack(0x000000a070000000,0x000000a070100000)]
  0x000001c03395d4a0 JavaThread "Thread-2" daemon [_thread_in_native, id=11624, stack(0x000000a070400000,0x000000a070500000)]
  0x000001c03395e3d0 JavaThread "Thread-3" daemon [_thread_in_native, id=3696, stack(0x000000a070500000,0x000000a070600000)]
  0x000001c03395e8e0 JavaThread "Thread-4" daemon [_thread_in_native, id=13636, stack(0x000000a070600000,0x000000a070700000)]
  0x000001c03395f300 JavaThread "Thread-5" daemon [_thread_in_native, id=3440, stack(0x000000a070700000,0x000000a070800000)]
  0x000001c03395f810 JavaThread "Thread-6" daemon [_thread_in_native, id=17748, stack(0x000000a070800000,0x000000a070900000)]
  0x000001c03395d9b0 JavaThread "Thread-7" daemon [_thread_in_native, id=17216, stack(0x000000a070900000,0x000000a070a00000)]
  0x000001c03395c060 JavaThread "Thread-8" daemon [_thread_in_native, id=18768, stack(0x000000a070a00000,0x000000a070b00000)]
  0x000001c0357de610 JavaThread "Thread-9" daemon [_thread_in_native, id=5288, stack(0x000000a070b00000,0x000000a070c00000)]
  0x000001c0357db370 JavaThread "Thread-10" daemon [_thread_in_native, id=4784, stack(0x000000a070c00000,0x000000a070d00000)]
  0x000001c0357dd6e0 JavaThread "pool-2-thread-1" [_thread_blocked, id=17240, stack(0x000000a070d00000,0x000000a070e00000)]
  0x000001c0357dccc0 JavaThread "WorkspaceEventsHandler" [_thread_blocked, id=11920, stack(0x000000a070e00000,0x000000a070f00000)]
  0x000001c0357de100 JavaThread "pool-1-thread-1" [_thread_blocked, id=3104, stack(0x000000a070f00000,0x000000a071000000)]
  0x000001c0357dd1d0 JavaThread "ForkJoinPool.commonPool-worker-1" daemon [_thread_blocked, id=14744, stack(0x000000a06f000000,0x000000a06f100000)]
  0x000001c0357db880 JavaThread "ForkJoinPool.commonPool-worker-2" daemon [_thread_in_Java, id=9516, stack(0x000000a06ff00000,0x000000a070000000)]

Other Threads:
  0x000001c016e29c80 VMThread "VM Thread" [stack: 0x000000a06e200000,0x000000a06e300000] [id=4056]
  0x000001c032e685e0 WatcherThread [stack: 0x000000a06ef00000,0x000000a06f000000] [id=19264]
  0x000001c016daee50 GCTaskThread "GC Thread#0" [stack: 0x000000a06e100000,0x000000a06e200000] [id=19372]
  0x000001c033499cd0 GCTaskThread "GC Thread#1" [stack: 0x000000a06f100000,0x000000a06f200000] [id=16960]
  0x000001c032ead250 GCTaskThread "GC Thread#2" [stack: 0x000000a06f200000,0x000000a06f300000] [id=10272]
  0x000001c032ead510 GCTaskThread "GC Thread#3" [stack: 0x000000a06f300000,0x000000a06f400000] [id=6668]
  0x000001c0335ce190 GCTaskThread "GC Thread#4" [stack: 0x000000a06f400000,0x000000a06f500000] [id=3520]
  0x000001c0335ce450 GCTaskThread "GC Thread#5" [stack: 0x000000a06f500000,0x000000a06f600000] [id=2712]
  0x000001c0335ce710 GCTaskThread "GC Thread#6" [stack: 0x000000a06f600000,0x000000a06f700000] [id=14468]
  0x000001c032dd4050 GCTaskThread "GC Thread#7" [stack: 0x000000a06ed00000,0x000000a06ee00000] [id=12368]

Threads with active compile tasks:
C2 CompilerThread0    16129 4333 %     4       java.net.URI::quote @ 24 (214 bytes)

VM state: not at safepoint (normal execution)

VM Mutex/Monitor currently owned by a thread: None

OutOfMemory and StackOverflow Exception counts:
OutOfMemoryError java_heap_errors=2
LinkageErrors=86

Heap address: 0x00000000c0000000, size: 1024 MB, Compressed Oops mode: 32-bit

CDS archive(s) not mapped
Compressed class space mapped at: 0x0000000100000000-0x0000000140000000, reserved size: 1073741824
Narrow klass base: 0x0000000000000000, Narrow klass shift: 3, Narrow klass range: 0x140000000

GC Precious Log:
 CPUs: 8 total, 8 available
 Memory: 16198M
 Large Page Support: Disabled
 NUMA Support: Disabled
 Compressed Oops: Enabled (32-bit)
 Alignments: Space 512K, Generation 512K, Heap 2M
 Heap Min Capacity: 100M
 Heap Initial Capacity: 100M
 Heap Max Capacity: 1G
 Pre-touch: Disabled
 Parallel Workers: 8

Heap:
 PSYoungGen      total 23040K, used 12899K [0x00000000eab00000, 0x00000000ec480000, 0x0000000100000000)
  eden space 22016K, 54% used [0x00000000eab00000,0x00000000eb6bf058,0x00000000ec080000)
  from space 1024K, 85% used [0x00000000ec380000,0x00000000ec459da8,0x00000000ec480000)
  to   space 1536K, 0% used [0x00000000ec180000,0x00000000ec180000,0x00000000ec300000)
 ParOldGen       total 68608K, used 19779K [0x00000000c0000000, 0x00000000c4300000, 0x00000000eab00000)
  object space 68608K, 28% used [0x00000000c0000000,0x00000000c1350f50,0x00000000c4300000)
 Metaspace       used 42664K, committed 43520K, reserved 1114112K
  class space    used 4339K, committed 4736K, reserved 1048576K

Card table byte_map: [0x000001c02a410000,0x000001c02a620000] _byte_map_base: 0x000001c029e10000

Marking Bits: (ParMarkBitMap*) 0x00007ffe7a396940
 Begin Bits: [0x000001c02a780000, 0x000001c02b780000)
 End Bits:   [0x000001c02b780000, 0x000001c02c780000)

Polling page: 0x000001c016e60000

Metaspace:

Usage:
  Non-class:     37.43 MB used.
      Class:      4.24 MB used.
       Both:     41.66 MB used.

Virtual space:
  Non-class space:       64.00 MB reserved,      37.88 MB ( 59%) committed,  1 nodes.
      Class space:        1.00 GB reserved,       4.62 MB ( <1%) committed,  1 nodes.
             Both:        1.06 GB reserved,      42.50 MB (  4%) committed. 

Chunk freelists:
   Non-Class:  9.69 MB
       Class:  11.42 MB
        Both:  21.11 MB

MaxMetaspaceSize: unlimited
CompressedClassSpaceSize: 1.00 GB
Initial GC threshold: 21.00 MB
Current GC threshold: 58.38 MB
CDS: off
MetaspaceReclaimPolicy: balanced
 - commit_granule_bytes: 65536.
 - commit_granule_words: 8192.
 - virtual_space_node_default_size: 8388608.
 - enlarge_chunks_in_place: 1.
 - new_chunks_are_fully_committed: 0.
 - uncommit_free_chunks: 1.
 - use_allocation_guard: 0.
 - handle_deallocations: 1.


Internal statistics:

num_allocs_failed_limit: 6.
num_arena_births: 560.
num_arena_deaths: 14.
num_vsnodes_births: 2.
num_vsnodes_deaths: 0.
num_space_committed: 680.
num_space_uncommitted: 0.
num_chunks_returned_to_freelist: 20.
num_chunks_taken_from_freelist: 2017.
num_chunk_merges: 8.
num_chunk_splits: 1257.
num_chunks_enlarged: 782.
num_inconsistent_stats: 0.

CodeHeap 'non-profiled nmethods': size=120000Kb used=2256Kb max_used=2256Kb free=117743Kb
 bounds [0x000001c022d00000, 0x000001c022f70000, 0x000001c02a230000]
CodeHeap 'profiled nmethods': size=120000Kb used=9146Kb max_used=9146Kb free=110853Kb
 bounds [0x000001c01b230000, 0x000001c01bb20000, 0x000001c022760000]
CodeHeap 'non-nmethods': size=5760Kb used=1313Kb max_used=1381Kb free=4446Kb
 bounds [0x000001c022760000, 0x000001c0229d0000, 0x000001c022d00000]
 total_blobs=4984 nmethods=4333 adapters=564
 compilation: enabled
              stopped_count=0, restarted_count=0
 full_count=0

Compilation events (20 events):
Event: 15.851 Thread 0x000001c031e54cd0 nmethod 4323 0x000001c01bb18a90 code [0x000001c01bb18ce0, 0x000001c01bb197c8]
Event: 15.851 Thread 0x000001c031e54cd0 4325       1       java.lang.Module::getName (5 bytes)
Event: 15.851 Thread 0x000001c031e54cd0 nmethod 4325 0x000001c022f33990 code [0x000001c022f33b20, 0x000001c022f33bf8]
Event: 15.853 Thread 0x000001c031e54cd0 4326       3       java.lang.Class::forName (15 bytes)
Event: 15.853 Thread 0x000001c0341acd20 4328       4       java.lang.Integer::valueOf (32 bytes)
Event: 15.853 Thread 0x000001c031e54cd0 nmethod 4326 0x000001c01bb19a10 code [0x000001c01bb19bc0, 0x000001c01bb19dd8]
Event: 15.853 Thread 0x000001c031e54cd0 4327       3       java.lang.ClassLoader::getClassLoader (11 bytes)
Event: 15.853 Thread 0x000001c031e54cd0 nmethod 4327 0x000001c01bb19f10 code [0x000001c01bb1a0a0, 0x000001c01bb1a218]
Event: 15.855 Thread 0x000001c0341acd20 nmethod 4328 0x000001c022f33c90 code [0x000001c022f33e20, 0x000001c022f33f18]
Event: 15.883 Thread 0x000001c0341acd20 4329       4       java.lang.CharacterDataLatin1::getType (11 bytes)
Event: 15.885 Thread 0x000001c0341acd20 nmethod 4329 0x000001c022f34010 code [0x000001c022f34180, 0x000001c022f34238]
Event: 15.911 Thread 0x000001c031e54cd0 4330       3       sun.reflect.generics.reflectiveObjects.ParameterizedTypeImpl::validateConstructorArguments (82 bytes)
Event: 15.915 Thread 0x000001c031e54cd0 nmethod 4330 0x000001c01bb1a310 code [0x000001c01bb1a660, 0x000001c01bb1bdf8]
Event: 15.954 Thread 0x000001c031e54cd0 4331   !   3       sun.net.www.protocol.jar.Handler::parseAbsoluteSpec (85 bytes)
Event: 15.956 Thread 0x000001c031e54cd0 nmethod 4331 0x000001c01bb1c690 code [0x000001c01bb1c980, 0x000001c01bb1d698]
Event: 16.031 Thread 0x000001c031e54cd0 4332       3       sun.reflect.generics.parser.SignatureParser::parseZeroOrMoreFormalTypeParameters (19 bytes)
Event: 16.032 Thread 0x000001c031e54cd0 nmethod 4332 0x000001c01bb1dc10 code [0x000001c01bb1ddc0, 0x000001c01bb1e038]
Event: 16.038 Thread 0x000001c031e53990 4333 %     4       java.net.URI::quote @ 24 (214 bytes)
Event: 16.039 Thread 0x000001c031e54cd0 4334       3       java.util.Collections$EmptySet::iterator (4 bytes)
Event: 16.039 Thread 0x000001c031e54cd0 nmethod 4334 0x000001c01bb1e110 code [0x000001c01bb1e2a0, 0x000001c01bb1e418]

GC Heap History (20 events):
Event: 4.238 GC heap before
{Heap before GC invocations=7 (full 1):
 PSYoungGen      total 28160K, used 27818K [0x00000000eab00000, 0x00000000eca80000, 0x0000000100000000)
  eden space 25088K, 99% used [0x00000000eab00000,0x00000000ec37c6a8,0x00000000ec380000)
  from space 3072K, 89% used [0x00000000ec400000,0x00000000ec6ae408,0x00000000ec700000)
  to   space 3584K, 0% used [0x00000000ec700000,0x00000000ec700000,0x00000000eca80000)
 ParOldGen       total 68608K, used 6927K [0x00000000c0000000, 0x00000000c4300000, 0x00000000eab00000)
  object space 68608K, 10% used [0x00000000c0000000,0x00000000c06c3fd8,0x00000000c4300000)
 Metaspace       used 28158K, committed 28672K, reserved 1114112K
  class space    used 2760K, committed 3008K, reserved 1048576K
}
Event: 4.240 GC heap after
{Heap after GC invocations=7 (full 1):
 PSYoungGen      total 27648K, used 2940K [0x00000000eab00000, 0x00000000eca00000, 0x0000000100000000)
  eden space 24576K, 0% used [0x00000000eab00000,0x00000000eab00000,0x00000000ec300000)
  from space 3072K, 95% used [0x00000000ec700000,0x00000000ec9df0b8,0x00000000eca00000)
  to   space 3072K, 0% used [0x00000000ec400000,0x00000000ec400000,0x00000000ec700000)
 ParOldGen       total 68608K, used 6927K [0x00000000c0000000, 0x00000000c4300000, 0x00000000eab00000)
  object space 68608K, 10% used [0x00000000c0000000,0x00000000c06c3fd8,0x00000000c4300000)
 Metaspace       used 28158K, committed 28672K, reserved 1114112K
  class space    used 2760K, committed 3008K, reserved 1048576K
}
Event: 4.474 GC heap before
{Heap before GC invocations=8 (full 1):
 PSYoungGen      total 27648K, used 27482K [0x00000000eab00000, 0x00000000eca00000, 0x0000000100000000)
  eden space 24576K, 99% used [0x00000000eab00000,0x00000000ec2f7800,0x00000000ec300000)
  from space 3072K, 95% used [0x00000000ec700000,0x00000000ec9df0b8,0x00000000eca00000)
  to   space 3072K, 0% used [0x00000000ec400000,0x00000000ec400000,0x00000000ec700000)
 ParOldGen       total 68608K, used 6927K [0x00000000c0000000, 0x00000000c4300000, 0x00000000eab00000)
  object space 68608K, 10% used [0x00000000c0000000,0x00000000c06c3fd8,0x00000000c4300000)
 Metaspace       used 30379K, committed 30976K, reserved 1114112K
  class space    used 2943K, committed 3200K, reserved 1048576K
}
Event: 4.477 GC heap after
{Heap after GC invocations=8 (full 1):
 PSYoungGen      total 27136K, used 3046K [0x00000000eab00000, 0x00000000ecb80000, 0x0000000100000000)
  eden space 24064K, 0% used [0x00000000eab00000,0x00000000eab00000,0x00000000ec280000)
  from space 3072K, 99% used [0x00000000ec400000,0x00000000ec6f9918,0x00000000ec700000)
  to   space 4608K, 0% used [0x00000000ec700000,0x00000000ec700000,0x00000000ecb80000)
 ParOldGen       total 68608K, used 8204K [0x00000000c0000000, 0x00000000c4300000, 0x00000000eab00000)
  object space 68608K, 11% used [0x00000000c0000000,0x00000000c08030b8,0x00000000c4300000)
 Metaspace       used 30379K, committed 30976K, reserved 1114112K
  class space    used 2943K, committed 3200K, reserved 1048576K
}
Event: 4.942 GC heap before
{Heap before GC invocations=9 (full 1):
 PSYoungGen      total 27136K, used 27110K [0x00000000eab00000, 0x00000000ecb80000, 0x0000000100000000)
  eden space 24064K, 100% used [0x00000000eab00000,0x00000000ec280000,0x00000000ec280000)
  from space 3072K, 99% used [0x00000000ec400000,0x00000000ec6f9918,0x00000000ec700000)
  to   space 4608K, 0% used [0x00000000ec700000,0x00000000ec700000,0x00000000ecb80000)
 ParOldGen       total 68608K, used 8204K [0x00000000c0000000, 0x00000000c4300000, 0x00000000eab00000)
  object space 68608K, 11% used [0x00000000c0000000,0x00000000c08030b8,0x00000000c4300000)
 Metaspace       used 34090K, committed 34752K, reserved 1114112K
  class space    used 3379K, committed 3648K, reserved 1048576K
}
Event: 4.945 GC heap after
{Heap after GC invocations=9 (full 1):
 PSYoungGen      total 28160K, used 4415K [0x00000000eab00000, 0x00000000ecb80000, 0x0000000100000000)
  eden space 23552K, 0% used [0x00000000eab00000,0x00000000eab00000,0x00000000ec200000)
  from space 4608K, 95% used [0x00000000ec700000,0x00000000ecb4feb8,0x00000000ecb80000)
  to   space 4608K, 0% used [0x00000000ec280000,0x00000000ec280000,0x00000000ec700000)
 ParOldGen       total 68608K, used 8212K [0x00000000c0000000, 0x00000000c4300000, 0x00000000eab00000)
  object space 68608K, 11% used [0x00000000c0000000,0x00000000c08050b8,0x00000000c4300000)
 Metaspace       used 34090K, committed 34752K, reserved 1114112K
  class space    used 3379K, committed 3648K, reserved 1048576K
}
Event: 4.987 GC heap before
{Heap before GC invocations=10 (full 1):
 PSYoungGen      total 28160K, used 10584K [0x00000000eab00000, 0x00000000ecb80000, 0x0000000100000000)
  eden space 23552K, 26% used [0x00000000eab00000,0x00000000eb106488,0x00000000ec200000)
  from space 4608K, 95% used [0x00000000ec700000,0x00000000ecb4feb8,0x00000000ecb80000)
  to   space 4608K, 0% used [0x00000000ec280000,0x00000000ec280000,0x00000000ec700000)
 ParOldGen       total 68608K, used 8212K [0x00000000c0000000, 0x00000000c4300000, 0x00000000eab00000)
  object space 68608K, 11% used [0x00000000c0000000,0x00000000c08050b8,0x00000000c4300000)
 Metaspace       used 35143K, committed 35840K, reserved 1114112K
  class space    used 3494K, committed 3776K, reserved 1048576K
}
Event: 4.990 GC heap after
{Heap after GC invocations=10 (full 1):
 PSYoungGen      total 26624K, used 2755K [0x00000000eab00000, 0x00000000ec900000, 0x0000000100000000)
  eden space 23552K, 0% used [0x00000000eab00000,0x00000000eab00000,0x00000000ec200000)
  from space 3072K, 89% used [0x00000000ec280000,0x00000000ec530e08,0x00000000ec580000)
  to   space 3584K, 0% used [0x00000000ec580000,0x00000000ec580000,0x00000000ec900000)
 ParOldGen       total 68608K, used 10023K [0x00000000c0000000, 0x00000000c4300000, 0x00000000eab00000)
  object space 68608K, 14% used [0x00000000c0000000,0x00000000c09c9d08,0x00000000c4300000)
 Metaspace       used 35143K, committed 35840K, reserved 1114112K
  class space    used 3494K, committed 3776K, reserved 1048576K
}
Event: 4.990 GC heap before
{Heap before GC invocations=11 (full 2):
 PSYoungGen      total 26624K, used 2755K [0x00000000eab00000, 0x00000000ec900000, 0x0000000100000000)
  eden space 23552K, 0% used [0x00000000eab00000,0x00000000eab00000,0x00000000ec200000)
  from space 3072K, 89% used [0x00000000ec280000,0x00000000ec530e08,0x00000000ec580000)
  to   space 3584K, 0% used [0x00000000ec580000,0x00000000ec580000,0x00000000ec900000)
 ParOldGen       total 68608K, used 10023K [0x00000000c0000000, 0x00000000c4300000, 0x00000000eab00000)
  object space 68608K, 14% used [0x00000000c0000000,0x00000000c09c9d08,0x00000000c4300000)
 Metaspace       used 35143K, committed 35840K, reserved 1114112K
  class space    used 3494K, committed 3776K, reserved 1048576K
}
Event: 5.011 GC heap after
{Heap after GC invocations=11 (full 2):
 PSYoungGen      total 26624K, used 0K [0x00000000eab00000, 0x00000000ec900000, 0x0000000100000000)
  eden space 23552K, 0% used [0x00000000eab00000,0x00000000eab00000,0x00000000ec200000)
  from space 3072K, 0% used [0x00000000ec280000,0x00000000ec280000,0x00000000ec580000)
  to   space 3584K, 0% used [0x00000000ec580000,0x00000000ec580000,0x00000000ec900000)
 ParOldGen       total 68608K, used 12424K [0x00000000c0000000, 0x00000000c4300000, 0x00000000eab00000)
  object space 68608K, 18% used [0x00000000c0000000,0x00000000c0c22310,0x00000000c4300000)
 Metaspace       used 35143K, committed 35840K, reserved 1114112K
  class space    used 3494K, committed 3776K, reserved 1048576K
}
Event: 14.293 GC heap before
{Heap before GC invocations=12 (full 2):
 PSYoungGen      total 26624K, used 23552K [0x00000000eab00000, 0x00000000ec900000, 0x0000000100000000)
  eden space 23552K, 100% used [0x00000000eab00000,0x00000000ec200000,0x00000000ec200000)
  from space 3072K, 0% used [0x00000000ec280000,0x00000000ec280000,0x00000000ec580000)
  to   space 3584K, 0% used [0x00000000ec580000,0x00000000ec580000,0x00000000ec900000)
 ParOldGen       total 68608K, used 12424K [0x00000000c0000000, 0x00000000c4300000, 0x00000000eab00000)
  object space 68608K, 18% used [0x00000000c0000000,0x00000000c0c22310,0x00000000c4300000)
 Metaspace       used 38413K, committed 39232K, reserved 1114112K
  class space    used 3851K, committed 4224K, reserved 1048576K
}
Event: 14.297 GC heap after
{Heap after GC invocations=12 (full 2):
 PSYoungGen      total 25088K, used 1795K [0x00000000eab00000, 0x00000000ec780000, 0x0000000100000000)
  eden space 23040K, 0% used [0x00000000eab00000,0x00000000eab00000,0x00000000ec180000)
  from space 2048K, 87% used [0x00000000ec580000,0x00000000ec740ec8,0x00000000ec780000)
  to   space 2560K, 0% used [0x00000000ec280000,0x00000000ec280000,0x00000000ec500000)
 ParOldGen       total 68608K, used 12432K [0x00000000c0000000, 0x00000000c4300000, 0x00000000eab00000)
  object space 68608K, 18% used [0x00000000c0000000,0x00000000c0c24310,0x00000000c4300000)
 Metaspace       used 38413K, committed 39232K, reserved 1114112K
  class space    used 3851K, committed 4224K, reserved 1048576K
}
Event: 14.716 GC heap before
{Heap before GC invocations=13 (full 2):
 PSYoungGen      total 25088K, used 24835K [0x00000000eab00000, 0x00000000ec780000, 0x0000000100000000)
  eden space 23040K, 100% used [0x00000000eab00000,0x00000000ec180000,0x00000000ec180000)
  from space 2048K, 87% used [0x00000000ec580000,0x00000000ec740ec8,0x00000000ec780000)
  to   space 2560K, 0% used [0x00000000ec280000,0x00000000ec280000,0x00000000ec500000)
 ParOldGen       total 68608K, used 12432K [0x00000000c0000000, 0x00000000c4300000, 0x00000000eab00000)
  object space 68608K, 18% used [0x00000000c0000000,0x00000000c0c24310,0x00000000c4300000)
 Metaspace       used 39129K, committed 40000K, reserved 1114112K
  class space    used 3968K, committed 4352K, reserved 1048576K
}
Event: 14.724 GC heap after
{Heap after GC invocations=13 (full 2):
 PSYoungGen      total 25088K, used 2048K [0x00000000eab00000, 0x00000000ec600000, 0x0000000100000000)
  eden space 22528K, 0% used [0x00000000eab00000,0x00000000eab00000,0x00000000ec100000)
  from space 2560K, 80% used [0x00000000ec280000,0x00000000ec480060,0x00000000ec500000)
  to   space 1024K, 0% used [0x00000000ec500000,0x00000000ec500000,0x00000000ec600000)
 ParOldGen       total 68608K, used 14141K [0x00000000c0000000, 0x00000000c4300000, 0x00000000eab00000)
  object space 68608K, 20% used [0x00000000c0000000,0x00000000c0dcf740,0x00000000c4300000)
 Metaspace       used 39129K, committed 40000K, reserved 1114112K
  class space    used 3968K, committed 4352K, reserved 1048576K
}
Event: 14.918 GC heap before
{Heap before GC invocations=14 (full 2):
 PSYoungGen      total 25088K, used 24576K [0x00000000eab00000, 0x00000000ec600000, 0x0000000100000000)
  eden space 22528K, 100% used [0x00000000eab00000,0x00000000ec100000,0x00000000ec100000)
  from space 2560K, 80% used [0x00000000ec280000,0x00000000ec480060,0x00000000ec500000)
  to   space 1024K, 0% used [0x00000000ec500000,0x00000000ec500000,0x00000000ec600000)
 ParOldGen       total 68608K, used 14141K [0x00000000c0000000, 0x00000000c4300000, 0x00000000eab00000)
  object space 68608K, 20% used [0x00000000c0000000,0x00000000c0dcf740,0x00000000c4300000)
 Metaspace       used 39255K, committed 40128K, reserved 1114112K
  class space    used 3975K, committed 4352K, reserved 1048576K
}
Event: 14.923 GC heap after
{Heap after GC invocations=14 (full 2):
 PSYoungGen      total 23040K, used 994K [0x00000000eab00000, 0x00000000ec980000, 0x0000000100000000)
  eden space 22016K, 0% used [0x00000000eab00000,0x00000000eab00000,0x00000000ec080000)
  from space 1024K, 97% used [0x00000000ec500000,0x00000000ec5f8800,0x00000000ec600000)
  to   space 4608K, 0% used [0x00000000ec080000,0x00000000ec080000,0x00000000ec500000)
 ParOldGen       total 68608K, used 17061K [0x00000000c0000000, 0x00000000c4300000, 0x00000000eab00000)
  object space 68608K, 24% used [0x00000000c0000000,0x00000000c10a97b0,0x00000000c4300000)
 Metaspace       used 39255K, committed 40128K, reserved 1114112K
  class space    used 3975K, committed 4352K, reserved 1048576K
}
Event: 15.117 GC heap before
{Heap before GC invocations=15 (full 2):
 PSYoungGen      total 23040K, used 23010K [0x00000000eab00000, 0x00000000ec980000, 0x0000000100000000)
  eden space 22016K, 100% used [0x00000000eab00000,0x00000000ec080000,0x00000000ec080000)
  from space 1024K, 97% used [0x00000000ec500000,0x00000000ec5f8800,0x00000000ec600000)
  to   space 4608K, 0% used [0x00000000ec080000,0x00000000ec080000,0x00000000ec500000)
 ParOldGen       total 68608K, used 17061K [0x00000000c0000000, 0x00000000c4300000, 0x00000000eab00000)
  object space 68608K, 24% used [0x00000000c0000000,0x00000000c10a97b0,0x00000000c4300000)
 Metaspace       used 39808K, committed 40640K, reserved 1114112K
  class space    used 4020K, committed 4416K, reserved 1048576K
}
Event: 15.121 GC heap after
{Heap after GC invocations=15 (full 2):
 PSYoungGen      total 24064K, used 1824K [0x00000000eab00000, 0x00000000ec680000, 0x0000000100000000)
  eden space 22016K, 0% used [0x00000000eab00000,0x00000000eab00000,0x00000000ec080000)
  from space 2048K, 89% used [0x00000000ec080000,0x00000000ec248010,0x00000000ec280000)
  to   space 3072K, 0% used [0x00000000ec380000,0x00000000ec380000,0x00000000ec680000)
 ParOldGen       total 68608K, used 18078K [0x00000000c0000000, 0x00000000c4300000, 0x00000000eab00000)
  object space 68608K, 26% used [0x00000000c0000000,0x00000000c11a7830,0x00000000c4300000)
 Metaspace       used 39808K, committed 40640K, reserved 1114112K
  class space    used 4020K, committed 4416K, reserved 1048576K
}
Event: 15.565 GC heap before
{Heap before GC invocations=16 (full 2):
 PSYoungGen      total 24064K, used 23792K [0x00000000eab00000, 0x00000000ec680000, 0x0000000100000000)
  eden space 22016K, 99% used [0x00000000eab00000,0x00000000ec074110,0x00000000ec080000)
  from space 2048K, 89% used [0x00000000ec080000,0x00000000ec248010,0x00000000ec280000)
  to   space 3072K, 0% used [0x00000000ec380000,0x00000000ec380000,0x00000000ec680000)
 ParOldGen       total 68608K, used 18078K [0x00000000c0000000, 0x00000000c4300000, 0x00000000eab00000)
  object space 68608K, 26% used [0x00000000c0000000,0x00000000c11a7830,0x00000000c4300000)
 Metaspace       used 41940K, committed 42816K, reserved 1114112K
  class space    used 4270K, committed 4672K, reserved 1048576K
}
Event: 15.568 GC heap after
{Heap after GC invocations=16 (full 2):
 PSYoungGen      total 23040K, used 871K [0x00000000eab00000, 0x00000000ec480000, 0x0000000100000000)
  eden space 22016K, 0% used [0x00000000eab00000,0x00000000eab00000,0x00000000ec080000)
  from space 1024K, 85% used [0x00000000ec380000,0x00000000ec459da8,0x00000000ec480000)
  to   space 1536K, 0% used [0x00000000ec180000,0x00000000ec180000,0x00000000ec300000)
 ParOldGen       total 68608K, used 19779K [0x00000000c0000000, 0x00000000c4300000, 0x00000000eab00000)
  object space 68608K, 28% used [0x00000000c0000000,0x00000000c1350f50,0x00000000c4300000)
 Metaspace       used 41940K, committed 42816K, reserved 1114112K
  class space    used 4270K, committed 4672K, reserved 1048576K
}

Dll operation events (10 events):
Event: 0.010 Loaded shared library c:\Users\Asaph\.vscode\extensions\redhat.java-1.38.0-win32-x64\jre\17.0.13-win32-x86_64\bin\java.dll
Event: 0.151 Loaded shared library c:\Users\Asaph\.vscode\extensions\redhat.java-1.38.0-win32-x64\jre\17.0.13-win32-x86_64\bin\zip.dll
Event: 0.155 Loaded shared library C:\Users\Asaph\.vscode\extensions\redhat.java-1.38.0-win32-x64\jre\17.0.13-win32-x86_64\bin\instrument.dll
Event: 0.169 Loaded shared library C:\Users\Asaph\.vscode\extensions\redhat.java-1.38.0-win32-x64\jre\17.0.13-win32-x86_64\bin\net.dll
Event: 0.171 Loaded shared library C:\Users\Asaph\.vscode\extensions\redhat.java-1.38.0-win32-x64\jre\17.0.13-win32-x86_64\bin\nio.dll
Event: 0.184 Loaded shared library C:\Users\Asaph\.vscode\extensions\redhat.java-1.38.0-win32-x64\jre\17.0.13-win32-x86_64\bin\zip.dll
Event: 0.205 Loaded shared library C:\Users\Asaph\.vscode\extensions\redhat.java-1.38.0-win32-x64\jre\17.0.13-win32-x86_64\bin\jimage.dll
Event: 0.352 Loaded shared library c:\Users\Asaph\.vscode\extensions\redhat.java-1.38.0-win32-x64\jre\17.0.13-win32-x86_64\bin\verify.dll
Event: 1.743 Loaded shared library C:\Users\Asaph\AppData\Roaming\Code\User\globalStorage\redhat.java\1.38.0\config_ss_win\org.eclipse.equinox.launcher\org.eclipse.equinox.launcher.win32.win32.x86_64_1.2.1100.v20240722-2106\eclipse_11904.dll
Event: 3.228 Loaded shared library C:\Users\Asaph\AppData\Local\Temp\jna-63551623\jna380860700690100870.dll

Deoptimization events (20 events):
Event: 15.304 Thread 0x000001c0357db880 Uncommon trap: trap_request=0xffffff76 fr.pc=0x000001c022e58518 relative=0x0000000000000938
Event: 15.304 Thread 0x000001c0357db880 Uncommon trap: reason=predicate action=maybe_recompile pc=0x000001c022e58518 method=java.util.Properties.load0(Ljava/util/Properties$LineReader;)V @ 29 c2
Event: 15.304 Thread 0x000001c0357db880 DEOPT PACKING pc=0x000001c022e58518 sp=0x000000a06fffcef0
Event: 15.304 Thread 0x000001c0357db880 DEOPT UNPACKING pc=0x000001c0227b66a3 sp=0x000000a06fffcea8 mode 2
Event: 15.403 Thread 0x000001c0357dd1d0 DEOPT PACKING pc=0x000001c01b7173a1 sp=0x000000a06f0fcc10
Event: 15.403 Thread 0x000001c0357dd1d0 DEOPT UNPACKING pc=0x000001c0227b6e43 sp=0x000000a06f0fc0c0 mode 0
Event: 15.416 Thread 0x000001c0357dd1d0 DEOPT PACKING pc=0x000001c01b2a5761 sp=0x000000a06f0f9110
Event: 15.416 Thread 0x000001c0357dd1d0 DEOPT UNPACKING pc=0x000001c0227b6e43 sp=0x000000a06f0f8608 mode 0
Event: 15.416 Thread 0x000001c0357dd1d0 DEOPT PACKING pc=0x000001c01b328993 sp=0x000000a06f0f8e60
Event: 15.416 Thread 0x000001c0357dd1d0 DEOPT UNPACKING pc=0x000001c0227b6e43 sp=0x000000a06f0f8380 mode 0
Event: 15.423 Thread 0x000001c0357dd1d0 DEOPT PACKING pc=0x000001c01b7173a1 sp=0x000000a06f0f9340
Event: 15.423 Thread 0x000001c0357dd1d0 DEOPT UNPACKING pc=0x000001c0227b6e43 sp=0x000000a06f0f87f0 mode 0
Event: 15.448 Thread 0x000001c0357dd1d0 DEOPT PACKING pc=0x000001c01b7173a1 sp=0x000000a06f0f9340
Event: 15.448 Thread 0x000001c0357dd1d0 DEOPT UNPACKING pc=0x000001c0227b6e43 sp=0x000000a06f0f87f0 mode 0
Event: 15.483 Thread 0x000001c0357dd1d0 DEOPT PACKING pc=0x000001c01b328993 sp=0x000000a06f0f8e60
Event: 15.483 Thread 0x000001c0357dd1d0 DEOPT UNPACKING pc=0x000001c0227b6e43 sp=0x000000a06f0f8380 mode 0
Event: 15.573 Thread 0x000001c0357dd1d0 DEOPT PACKING pc=0x000001c01b328993 sp=0x000000a06f0fc330
Event: 15.573 Thread 0x000001c0357dd1d0 DEOPT UNPACKING pc=0x000001c0227b6e43 sp=0x000000a06f0fb850 mode 0
Event: 15.848 Thread 0x000001c0357dd1d0 DEOPT PACKING pc=0x000001c01b328993 sp=0x000000a06f0fc1c0
Event: 15.848 Thread 0x000001c0357dd1d0 DEOPT UNPACKING pc=0x000001c0227b6e43 sp=0x000000a06f0fb6e0 mode 0

Classes loaded (20 events):
Event: 14.479 Loading class java/util/AbstractList$RandomAccessSubList
Event: 14.479 Loading class java/util/AbstractList$SubList
Event: 14.480 Loading class java/util/AbstractList$SubList done
Event: 14.480 Loading class java/util/AbstractList$RandomAccessSubList done
Event: 14.481 Loading class java/util/AbstractList$ListItr
Event: 14.483 Loading class java/util/AbstractList$ListItr done
Event: 14.483 Loading class java/util/AbstractList$SubList$1
Event: 14.483 Loading class java/util/AbstractList$SubList$1 done
Event: 14.485 Loading class java/lang/invoke/MethodHandleImpl$CountingWrapper
Event: 14.485 Loading class java/lang/invoke/MethodHandleImpl$CountingWrapper done
Event: 14.515 Loading class java/nio/channels/Channels$ReadableByteChannelImpl
Event: 14.515 Loading class java/nio/channels/Channels$ReadableByteChannelImpl done
Event: 14.534 Loading class java/nio/channels/NonWritableChannelException
Event: 14.534 Loading class java/nio/channels/NonWritableChannelException done
Event: 14.826 Loading class java/lang/invoke/MethodHandleImpl$CountingWrapper$1
Event: 14.826 Loading class java/lang/invoke/MethodHandleImpl$CountingWrapper$1 done
Event: 15.139 Loading class java/lang/ExceptionInInitializerError
Event: 15.140 Loading class java/lang/ExceptionInInitializerError done
Event: 15.577 Loading class java/util/Vector$1
Event: 15.578 Loading class java/util/Vector$1 done

Classes unloaded (7 events):
Event: 2.941 Thread 0x000001c016e29c80 Unloading class 0x000000010021e400 'java/lang/invoke/LambdaForm$MH+0x000000010021e400'
Event: 2.941 Thread 0x000001c016e29c80 Unloading class 0x000000010021e000 'java/lang/invoke/LambdaForm$MH+0x000000010021e000'
Event: 2.941 Thread 0x000001c016e29c80 Unloading class 0x000000010021dc00 'java/lang/invoke/LambdaForm$MH+0x000000010021dc00'
Event: 2.941 Thread 0x000001c016e29c80 Unloading class 0x000000010021d800 'java/lang/invoke/LambdaForm$MH+0x000000010021d800'
Event: 2.941 Thread 0x000001c016e29c80 Unloading class 0x000000010021d400 'java/lang/invoke/LambdaForm$BMH+0x000000010021d400'
Event: 2.941 Thread 0x000001c016e29c80 Unloading class 0x000000010021d000 'java/lang/invoke/LambdaForm$DMH+0x000000010021d000'
Event: 2.941 Thread 0x000001c016e29c80 Unloading class 0x0000000100218400 'java/lang/invoke/LambdaForm$DMH+0x0000000100218400'

Classes redefined (0 events):
No events

Internal exceptions (20 events):
Event: 14.409 Thread 0x000001c0357db880 Exception <a 'java/lang/NoSuchMethodError'{0x00000000eadefe68}: 'java.lang.Object java.lang.invoke.Invokers$Holder.invoke_MT(java.lang.Object, java.lang.Object, java.lang.Object, java.lang.Object, java.lang.Object, java.lang.Object, java.lang.Object, java.lang.Object, java.lang.Object, java.lang.Object)'> (0x00000000eadefe68) 
thrown [s\src\hotspot\share\interpreter\linkResolver.cpp, line 759]
Event: 14.409 Thread 0x000001c0357de100 Exception <a 'java/lang/NoSuchMethodError'{0x00000000eae05dd0}: 'java.lang.Object java.lang.invoke.Invokers$Holder.invoke_MT(java.lang.Object, java.lang.Object, java.lang.Object, java.lang.Object, java.lang.Object, java.lang.Object, java.lang.Object, java.lang.Object, java.lang.Object, java.lang.Object)'> (0x00000000eae05dd0) 
thrown [s\src\hotspot\share\interpreter\linkResolver.cpp, line 759]
Event: 14.409 Thread 0x000001c0357dd1d0 Exception <a 'java/lang/NoSuchMethodError'{0x00000000eade9c80}: 'java.lang.Object java.lang.invoke.Invokers$Holder.invoke_MT(java.lang.Object, java.lang.Object, java.lang.Object, java.lang.Object, java.lang.Object, java.lang.Object, java.lang.Object, java.lang.Object, java.lang.Object, java.lang.Object)'> (0x00000000eade9c80) 
thrown [s\src\hotspot\share\interpreter\linkResolver.cpp, line 759]
Event: 14.425 Thread 0x000001c0357dd1d0 Exception <a 'java/lang/NoSuchMethodError'{0x00000000eae95410}: 'int java.lang.invoke.DirectMethodHandle$Holder.invokeVirtual(java.lang.Object, java.lang.Object, java.lang.Object)'> (0x00000000eae95410) 
thrown [s\src\hotspot\share\interpreter\linkResolver.cpp, line 759]
Event: 14.425 Thread 0x000001c0357dd1d0 Exception <a 'java/lang/NoSuchMethodError'{0x00000000eae991d0}: 'int java.lang.invoke.DirectMethodHandle$Holder.invokeVirtual(java.lang.Object, java.lang.Object)'> (0x00000000eae991d0) 
thrown [s\src\hotspot\share\interpreter\linkResolver.cpp, line 759]
Event: 14.426 Thread 0x000001c0357dd1d0 Exception <a 'java/lang/NoSuchMethodError'{0x00000000eae9d740}: 'int java.lang.invoke.DirectMethodHandle$Holder.invokeStaticInit(java.lang.Object, int, int)'> (0x00000000eae9d740) 
thrown [s\src\hotspot\share\interpreter\linkResolver.cpp, line 759]
Event: 14.429 Thread 0x000001c0357dd1d0 Exception <a 'java/lang/NoSuchMethodError'{0x00000000eaea5420}: 'int java.lang.invoke.DirectMethodHandle$Holder.invokeStaticInit(java.lang.Object, long, long)'> (0x00000000eaea5420) 
thrown [s\src\hotspot\share\interpreter\linkResolver.cpp, line 759]
Event: 14.433 Thread 0x000001c0357dd1d0 Exception <a 'java/lang/NoSuchMethodError'{0x00000000eaeac778}: 'int java.lang.invoke.DirectMethodHandle$Holder.invokeStaticInit(java.lang.Object, float, float)'> (0x00000000eaeac778) 
thrown [s\src\hotspot\share\interpreter\linkResolver.cpp, line 759]
Event: 14.435 Thread 0x000001c0357dd1d0 Exception <a 'java/lang/NoSuchMethodError'{0x00000000eaeb3878}: 'int java.lang.invoke.DirectMethodHandle$Holder.invokeStaticInit(java.lang.Object, double, double)'> (0x00000000eaeb3878) 
thrown [s\src\hotspot\share\interpreter\linkResolver.cpp, line 759]
Event: 14.436 Thread 0x000001c0357dd1d0 Exception <a 'java/lang/NoSuchMethodError'{0x00000000eaeb8420}: 'int java.lang.invoke.DirectMethodHandle$Holder.invokeStatic(java.lang.Object, long)'> (0x00000000eaeb8420) 
thrown [s\src\hotspot\share\interpreter\linkResolver.cpp, line 759]
Event: 14.444 Thread 0x000001c0357dd1d0 Exception <a 'java/lang/NoSuchMethodError'{0x00000000eaef67a8}: 'int java.lang.invoke.Invokers$Holder.linkToTargetMethod(java.lang.Object, java.lang.Object)'> (0x00000000eaef67a8) 
thrown [s\src\hotspot\share\interpreter\linkResolver.cpp, line 759]
Event: 14.445 Thread 0x000001c0357de100 Exception <a 'java/lang/NoSuchMethodError'{0x00000000eae711d0}: 'int java.lang.invoke.Invokers$Holder.linkToTargetMethod(java.lang.Object, java.lang.Object)'> (0x00000000eae711d0) 
thrown [s\src\hotspot\share\interpreter\linkResolver.cpp, line 759]
Event: 14.445 Thread 0x000001c0357db880 Exception <a 'java/lang/NoSuchMethodError'{0x00000000eaee6ac8}: 'int java.lang.invoke.Invokers$Holder.linkToTargetMethod(java.lang.Object, java.lang.Object)'> (0x00000000eaee6ac8) 
thrown [s\src\hotspot\share\interpreter\linkResolver.cpp, line 759]
Event: 14.478 Thread 0x000001c0357dd1d0 Exception <a 'java/lang/NoSuchMethodError'{0x00000000eaefff78}: 'int java.lang.invoke.DirectMethodHandle$Holder.invokeSpecial(java.lang.Object, java.lang.Object, java.lang.Object, java.lang.Object)'> (0x00000000eaefff78) 
thrown [s\src\hotspot\share\interpreter\linkResolver.cpp, line 759]
Event: 14.478 Thread 0x000001c0357de100 Exception <a 'java/lang/NoSuchMethodError'{0x00000000eae7a150}: 'int java.lang.invoke.DirectMethodHandle$Holder.invokeSpecial(java.lang.Object, java.lang.Object, java.lang.Object, java.lang.Object)'> (0x00000000eae7a150) 
thrown [s\src\hotspot\share\interpreter\linkResolver.cpp, line 759]
Event: 14.484 Thread 0x000001c0357dd1d0 Exception <a 'java/lang/NoSuchMethodError'{0x00000000eb09fa68}: 'java.lang.Object java.lang.invoke.DirectMethodHandle$Holder.invokeStatic(java.lang.Object, int, java.lang.Object, java.lang.Object)'> (0x00000000eb09fa68) 
thrown [s\src\hotspot\share\interpreter\linkResolver.cpp, line 759]
Event: 14.484 Thread 0x000001c0357dd1d0 Exception <a 'java/lang/NoSuchMethodError'{0x00000000eb0d7d30}: 'java.lang.Object java.lang.invoke.DelegatingMethodHandle$Holder.delegate(java.lang.Object, int, java.lang.Object, java.lang.Object)'> (0x00000000eb0d7d30) 
thrown [s\src\hotspot\share\interpreter\linkResolver.cpp, line 759]
Event: 14.485 Thread 0x000001c0357de100 Exception <a 'java/lang/NoSuchMethodError'{0x00000000eb0aedf0}: 'java.lang.Object java.lang.invoke.DirectMethodHandle$Holder.invokeStatic(java.lang.Object, int, java.lang.Object, java.lang.Object)'> (0x00000000eb0aedf0) 
thrown [s\src\hotspot\share\interpreter\linkResolver.cpp, line 759]
Event: 14.488 Thread 0x000001c0357dd1d0 Exception <a 'java/lang/NoSuchMethodError'{0x00000000eb103598}: 'int java.lang.invoke.Invokers$Holder.linkToTargetMethod(java.lang.Object, java.lang.Object, java.lang.Object)'> (0x00000000eb103598) 
thrown [s\src\hotspot\share\interpreter\linkResolver.cpp, line 759]
Event: 15.337 Thread 0x000001c0357db880 Exception <a 'java/lang/LinkageError'{0x00000000eb5d5b18}: loader lombok.launch.ShadowClassLoader @1866c10c attempted duplicate class definition for lombok.launch.PatchFixesHider$Transform. (lombok.launch.PatchFixesHider$Transform is in unnamed module of loader lombok.launch.ShadowClassLoader @1866c10c, parent loader org.eclipse.osgi.internal.loader.EquinoxClassLoader @d6b0d2d)> (0x00000000eb5d5b18) 
thrown [s\src\hotspot\share\classfile\systemDictionary.cpp, line 1723]

VM Operations (20 events):
Event: 14.194 Executing VM operation: HandshakeAllThreads
Event: 14.194 Executing VM operation: HandshakeAllThreads done
Event: 14.194 Executing VM operation: HandshakeAllThreads
Event: 14.195 Executing VM operation: HandshakeAllThreads done
Event: 14.195 Executing VM operation: HandshakeAllThreads
Event: 14.195 Executing VM operation: HandshakeAllThreads done
Event: 14.293 Executing VM operation: ParallelGCFailedAllocation
Event: 14.297 Executing VM operation: ParallelGCFailedAllocation done
Event: 14.516 Executing VM operation: HandshakeAllThreads
Event: 14.532 Executing VM operation: HandshakeAllThreads done
Event: 14.716 Executing VM operation: ParallelGCFailedAllocation
Event: 14.724 Executing VM operation: ParallelGCFailedAllocation done
Event: 14.917 Executing VM operation: ParallelGCFailedAllocation
Event: 14.923 Executing VM operation: ParallelGCFailedAllocation done
Event: 15.117 Executing VM operation: ParallelGCFailedAllocation
Event: 15.121 Executing VM operation: ParallelGCFailedAllocation done
Event: 15.283 Executing VM operation: HandshakeAllThreads
Event: 15.284 Executing VM operation: HandshakeAllThreads done
Event: 15.565 Executing VM operation: ParallelGCFailedAllocation
Event: 15.568 Executing VM operation: ParallelGCFailedAllocation done

Memory protections (0 events):
No events

Nmethod flushes (0 events):
No events

Events (20 events):
Event: 4.873 Thread 0x000001c016da0220 Thread added: 0x000001c03395f300
Event: 4.873 Thread 0x000001c016da0220 Thread added: 0x000001c03395f810
Event: 4.873 Thread 0x000001c016da0220 Thread added: 0x000001c03395d9b0
Event: 4.873 Thread 0x000001c016da0220 Thread added: 0x000001c03395c060
Event: 4.873 Thread 0x000001c016da0220 Thread added: 0x000001c0357de610
Event: 4.873 Thread 0x000001c016da0220 Thread added: 0x000001c0357db370
Event: 4.886 Thread 0x000001c016da0220 Thread added: 0x000001c0357dd6e0
Event: 5.041 Thread 0x000001c016da0220 Thread added: 0x000001c0357dccc0
Event: 5.041 Thread 0x000001c016da0220 Thread added: 0x000001c0357de100
Event: 8.611 Thread 0x000001c033687c30 Thread exited: 0x000001c033687c30
Event: 10.087 Thread 0x000001c0343e5050 Thread exited: 0x000001c0343e5050
Event: 10.102 Thread 0x000001c033c68280 Thread exited: 0x000001c033c68280
Event: 13.725 Thread 0x000001c0357de100 Thread added: 0x000001c0357dd1d0
Event: 13.727 Thread 0x000001c0357de100 Thread added: 0x000001c0357db880
Event: 13.804 Thread 0x000001c031e54cd0 Thread added: 0x000001c03418da20
Event: 14.007 Thread 0x000001c03418da20 Thread exited: 0x000001c03418da20
Event: 14.288 Thread 0x000001c031e54cd0 Thread added: 0x000001c0341acd20
Event: 14.669 Thread 0x000001c0341acd20 Thread added: 0x000001c03200bb80
Event: 15.954 Thread 0x000001c03200bb80 Thread exited: 0x000001c03200bb80
Event: 16.033 Thread 0x000001c0341acd20 Thread exited: 0x000001c0341acd20


Dynamic libraries:
0x00007ff66f230000 - 0x00007ff66f23e000 	c:\Users\Asaph\.vscode\extensions\redhat.java-1.38.0-win32-x64\jre\17.0.13-win32-x86_64\bin\java.exe
0x00007fff15880000 - 0x00007fff15a89000 	C:\Windows\SYSTEM32\ntdll.dll
0x00007fff14f50000 - 0x00007fff1500d000 	C:\Windows\System32\KERNEL32.DLL
0x00007fff13150000 - 0x00007fff134d4000 	C:\Windows\System32\KERNELBASE.dll
0x00007fff12f90000 - 0x00007fff130a1000 	C:\Windows\System32\ucrtbase.dll
0x00007ffed09c0000 - 0x00007ffed09d7000 	c:\Users\Asaph\.vscode\extensions\redhat.java-1.38.0-win32-x64\jre\17.0.13-win32-x86_64\bin\jli.dll
0x00007ffece3e0000 - 0x00007ffece3fe000 	c:\Users\Asaph\.vscode\extensions\redhat.java-1.38.0-win32-x64\jre\17.0.13-win32-x86_64\bin\VCRUNTIME140.dll
0x00007fff14b10000 - 0x00007fff14cbd000 	C:\Windows\System32\USER32.dll
0x00007fff13670000 - 0x00007fff13696000 	C:\Windows\System32\win32u.dll
0x00007ffefb390000 - 0x00007ffefb635000 	C:\Windows\WinSxS\amd64_microsoft.windows.common-controls_6595b64144ccf1df_6.0.22000.120_none_9d947278b86cc467\COMCTL32.dll
0x00007fff15090000 - 0x00007fff150ba000 	C:\Windows\System32\GDI32.dll
0x00007fff13d00000 - 0x00007fff13da3000 	C:\Windows\System32\msvcrt.dll
0x00007fff13550000 - 0x00007fff1366e000 	C:\Windows\System32\gdi32full.dll
0x00007fff130b0000 - 0x00007fff1314d000 	C:\Windows\System32\msvcp_win.dll
0x00007fff13e20000 - 0x00007fff13e51000 	C:\Windows\System32\IMM32.DLL
0x00007ffefa950000 - 0x00007ffefa95c000 	c:\Users\Asaph\.vscode\extensions\redhat.java-1.38.0-win32-x64\jre\17.0.13-win32-x86_64\bin\vcruntime140_1.dll
0x00007ffe84290000 - 0x00007ffe8431d000 	c:\Users\Asaph\.vscode\extensions\redhat.java-1.38.0-win32-x64\jre\17.0.13-win32-x86_64\bin\msvcp140.dll
0x00007ffe797f0000 - 0x00007ffe7a45b000 	c:\Users\Asaph\.vscode\extensions\redhat.java-1.38.0-win32-x64\jre\17.0.13-win32-x86_64\bin\server\jvm.dll
0x00007fff140b0000 - 0x00007fff1415e000 	C:\Windows\System32\ADVAPI32.dll
0x00007fff14e40000 - 0x00007fff14ede000 	C:\Windows\System32\sechost.dll
0x00007fff14160000 - 0x00007fff14281000 	C:\Windows\System32\RPCRT4.dll
0x00007fff14dd0000 - 0x00007fff14e3f000 	C:\Windows\System32\WS2_32.dll
0x00007fff0b6f0000 - 0x00007fff0b723000 	C:\Windows\SYSTEM32\WINMM.dll
0x00007fff0a5f0000 - 0x00007fff0a5fa000 	C:\Windows\SYSTEM32\VERSION.dll
0x00007fff125f0000 - 0x00007fff1263d000 	C:\Windows\SYSTEM32\POWRPROF.dll
0x00007fff12590000 - 0x00007fff125a3000 	C:\Windows\SYSTEM32\UMPDC.dll
0x00007fff11dc0000 - 0x00007fff11dd8000 	C:\Windows\SYSTEM32\kernel.appcore.dll
0x00007ffefa850000 - 0x00007ffefa85a000 	c:\Users\Asaph\.vscode\extensions\redhat.java-1.38.0-win32-x64\jre\17.0.13-win32-x86_64\bin\jimage.dll
0x00007fff04d70000 - 0x00007fff04f91000 	C:\Windows\SYSTEM32\DBGHELP.DLL
0x00007fff04d30000 - 0x00007fff04d61000 	C:\Windows\SYSTEM32\dbgcore.DLL
0x00007fff12ce0000 - 0x00007fff12d5f000 	C:\Windows\System32\bcryptPrimitives.dll
0x00007ffefa070000 - 0x00007ffefa07e000 	c:\Users\Asaph\.vscode\extensions\redhat.java-1.38.0-win32-x64\jre\17.0.13-win32-x86_64\bin\instrument.dll
0x00007ffec77c0000 - 0x00007ffec77e5000 	c:\Users\Asaph\.vscode\extensions\redhat.java-1.38.0-win32-x64\jre\17.0.13-win32-x86_64\bin\java.dll
0x00007ffecbdf0000 - 0x00007ffecbe08000 	c:\Users\Asaph\.vscode\extensions\redhat.java-1.38.0-win32-x64\jre\17.0.13-win32-x86_64\bin\zip.dll
0x00007fff14340000 - 0x00007fff14b05000 	C:\Windows\System32\SHELL32.dll
0x00007fff10db0000 - 0x00007fff11612000 	C:\Windows\SYSTEM32\windows.storage.dll
0x00007fff153a0000 - 0x00007fff15716000 	C:\Windows\System32\combase.dll
0x00007fff10c40000 - 0x00007fff10da7000 	C:\Windows\SYSTEM32\wintypes.dll
0x00007fff15720000 - 0x00007fff1580a000 	C:\Windows\System32\SHCORE.dll
0x00007fff151e0000 - 0x00007fff1523d000 	C:\Windows\System32\shlwapi.dll
0x00007fff12c10000 - 0x00007fff12c35000 	C:\Windows\SYSTEM32\profapi.dll
0x00007ffecb9c0000 - 0x00007ffecb9d9000 	C:\Users\Asaph\.vscode\extensions\redhat.java-1.38.0-win32-x64\jre\17.0.13-win32-x86_64\bin\net.dll
0x00007fff0d7b0000 - 0x00007fff0d8c4000 	C:\Windows\SYSTEM32\WINHTTP.dll
0x00007fff12270000 - 0x00007fff122d7000 	C:\Windows\system32\mswsock.dll
0x00007ffec9d50000 - 0x00007ffec9d66000 	C:\Users\Asaph\.vscode\extensions\redhat.java-1.38.0-win32-x64\jre\17.0.13-win32-x86_64\bin\nio.dll
0x00007ffef8ee0000 - 0x00007ffef8ef0000 	c:\Users\Asaph\.vscode\extensions\redhat.java-1.38.0-win32-x64\jre\17.0.13-win32-x86_64\bin\verify.dll
0x00007ffec7770000 - 0x00007ffec77b5000 	C:\Users\Asaph\AppData\Roaming\Code\User\globalStorage\redhat.java\1.38.0\config_ss_win\org.eclipse.equinox.launcher\org.eclipse.equinox.launcher.win32.win32.x86_64_1.2.1100.v20240722-2106\eclipse_11904.dll
0x00007fff13e60000 - 0x00007fff13ffa000 	C:\Windows\System32\ole32.dll
0x00007fff124b0000 - 0x00007fff124c8000 	C:\Windows\SYSTEM32\CRYPTSP.dll
0x00007fff11d20000 - 0x00007fff11d55000 	C:\Windows\system32\rsaenh.dll
0x00007fff12360000 - 0x00007fff1238c000 	C:\Windows\SYSTEM32\USERENV.dll
0x00007fff126b0000 - 0x00007fff126d7000 	C:\Windows\SYSTEM32\bcrypt.dll
0x00007fff124d0000 - 0x00007fff124dc000 	C:\Windows\SYSTEM32\CRYPTBASE.dll
0x00007fff11870000 - 0x00007fff1189d000 	C:\Windows\SYSTEM32\IPHLPAPI.DLL
0x00007fff15020000 - 0x00007fff15029000 	C:\Windows\System32\NSI.dll
0x00007fff0d900000 - 0x00007fff0d919000 	C:\Windows\SYSTEM32\dhcpcsvc6.DLL
0x00007fff0da20000 - 0x00007fff0da3e000 	C:\Windows\SYSTEM32\dhcpcsvc.DLL
0x00007fff118a0000 - 0x00007fff11987000 	C:\Windows\SYSTEM32\DNSAPI.dll
0x00007ffe84240000 - 0x00007ffe84289000 	C:\Users\Asaph\AppData\Local\Temp\jna-63551623\jna380860700690100870.dll
0x00007fff15010000 - 0x00007fff15018000 	C:\Windows\System32\PSAPI.DLL

dbghelp: loaded successfully - version: 4.0.5 - missing functions: none
symbol engine: initialized successfully - sym options: 0x614 - pdb path: .;c:\Users\Asaph\.vscode\extensions\redhat.java-1.38.0-win32-x64\jre\17.0.13-win32-x86_64\bin;C:\Windows\SYSTEM32;C:\Windows\WinSxS\amd64_microsoft.windows.common-controls_6595b64144ccf1df_6.0.22000.120_none_9d947278b86cc467;c:\Users\Asaph\.vscode\extensions\redhat.java-1.38.0-win32-x64\jre\17.0.13-win32-x86_64\bin\server;C:\Users\Asaph\AppData\Roaming\Code\User\globalStorage\redhat.java\1.38.0\config_ss_win\org.eclipse.equinox.launcher\org.eclipse.equinox.launcher.win32.win32.x86_64_1.2.1100.v20240722-2106;C:\Users\Asaph\AppData\Local\Temp\jna-63551623

VM Arguments:
jvm_args: --add-modules=ALL-SYSTEM --add-opens=java.base/java.util=ALL-UNNAMED --add-opens=java.base/java.lang=ALL-UNNAMED --add-opens=java.base/sun.nio.fs=ALL-UNNAMED -Declipse.application=org.eclipse.jdt.ls.core.id1 -Dosgi.bundles.defaultStartLevel=4 -Declipse.product=org.eclipse.jdt.ls.core.product -Djava.import.generatesMetadataFilesAtProjectRoot=false -DDetectVMInstallationsJob.disabled=true -Dfile.encoding=utf8 -XX:+UseParallelGC -XX:GCTimeRatio=4 -XX:AdaptiveSizePolicyWeight=90 -Dsun.zip.disableMemoryMapping=true -Xmx1G -Xms100m -Xlog:disable -javaagent:c:\Users\Asaph\.vscode\extensions\redhat.java-1.38.0-win32-x64\lombok\lombok-1.18.34.jar 
java_command: c:\Users\Asaph\.vscode\extensions\redhat.java-1.38.0-win32-x64\server\plugins\org.eclipse.equinox.launcher_1.6.900.v20240613-2009.jar -configuration c:\Users\Asaph\AppData\Roaming\Code\User\globalStorage\redhat.java\1.38.0\config_ss_win -data c:\Users\Asaph\AppData\Roaming\Code\User\workspaceStorage\43b6ee9b51cbd7e6b5de8a3bab50be11\redhat.java\ss_ws --pipe=\\.\pipe\lsp-e0542654e768e2f2258c1ebed687f156-sock
java_class_path (initial): c:\Users\Asaph\.vscode\extensions\redhat.java-1.38.0-win32-x64\server\plugins\org.eclipse.equinox.launcher_1.6.900.v20240613-2009.jar
Launcher Type: SUN_STANDARD

[Global flags]
    uintx AdaptiveSizePolicyWeight                 = 90                                        {product} {command line}
     intx CICompilerCount                          = 4                                         {product} {ergonomic}
    uintx GCTimeRatio                              = 4                                         {product} {command line}
   size_t InitialHeapSize                          = 104857600                                 {product} {command line}
   size_t MaxHeapSize                              = 1073741824                                {product} {command line}
   size_t MaxNewSize                               = 357564416                                 {product} {ergonomic}
   size_t MinHeapDeltaBytes                        = 524288                                    {product} {ergonomic}
   size_t MinHeapSize                              = 104857600                                 {product} {command line}
   size_t NewSize                                  = 34603008                                  {product} {ergonomic}
    uintx NonNMethodCodeHeapSize                   = 5839372                                {pd product} {ergonomic}
    uintx NonProfiledCodeHeapSize                  = 122909434                              {pd product} {ergonomic}
   size_t OldSize                                  = 70254592                                  {product} {ergonomic}
    uintx ProfiledCodeHeapSize                     = 122909434                              {pd product} {ergonomic}
    uintx ReservedCodeCacheSize                    = 251658240                              {pd product} {ergonomic}
     bool SegmentedCodeCache                       = true                                      {product} {ergonomic}
   size_t SoftMaxHeapSize                          = 1073741824                             {manageable} {ergonomic}
     bool UseCompressedClassPointers               = true                           {product lp64_product} {ergonomic}
     bool UseCompressedOops                        = true                           {product lp64_product} {ergonomic}
     bool UseLargePagesIndividualAllocation        = false                                  {pd product} {ergonomic}
     bool UseParallelGC                            = true                                      {product} {command line}

Logging:
Log output configuration:
 #0: stdout all=off uptime,level,tags
 #1: stderr all=off uptime,level,tags

Environment Variables:
JAVA_HOME=C:\Program Files\Android\Android Studio\jbr
CLASSPATH=C:\LINGO64_21\Lingo21.jar
PATH=C:\Users\Asaph\AppData\Local\flutter\bin;C:\Program Files (x86)\VMware\VMware Workstation\bin\;C:\Windows\system32;C:\Windows;C:\Windows\System32\Wbem;C:\Windows\System32\WindowsPowerShell\v1.0\;C:\Windows\System32\OpenSSH\;C:\Program Files\Java\jdk-17\bin;C:\ProgramData\chocolatey\bin;C:\Program Files\dotnet\;C:\MinGW\bin;C:\apache-maven\apache-maven-3.9.6\bin;C:\php-8.2.5-nts-Win32-vs16-x64;C:\Program Files\MiKTeX\miktex\bin\x64\;C:\apache-tomcat\apache-tomcat-7.0.109\bin;C:\ghc-9.8.3-x86_64-unknown-mingw32\bin;C:\cabal-install-3.12.1.0-x86_64-windows;C:\cabal-install-3.10.2.0-x86_64-windows;C:\Program Files\MongoDB\Server\8.0\bin;C:\mongosh-2.3.3-win32-x64\bin;C:\LINGO64_21\;C:\Program Files\Microsoft SQL Server\150\Tools\Binn\;C:\Program Files\Microsoft SQL Server\Client SDK\ODBC\170\Tools\Binn\;C:\Users\Asaph\AppData\Roaming\npm;C:\dart-sdk\bin;C:\Users\Asaph\AppData\Local\Android\Sdk\cmdline-tools\latest\bin;C:\Program Files\Pandoc\;C:\TeXcount_3_2_0_41;C:\Strawberry\c\bin;C:\Strawberry\perl\site\bin;C:\Strawberry\perl\bin;C:\ltex-ls-16.0.0\bin;C:\Program Files\nodejs\;C:\Program Files\Git\cmd;C:\Users\Asaph\AppData\Local\Microsoft\WindowsApps;C:\Users\Asaph\AppData\Local\GitHubDesktop\bin;C:\Users\Asaph\.dotnet\tools;C:\Program Files\Git\bin;C:\Users\Asaph\AppData\Local\Programs\Microsoft VS Code\bin;C:\Users\Asaph\AppData\Roaming\npm
USERNAME=Asaph
OS=Windows_NT
PROCESSOR_IDENTIFIER=Intel64 Family 6 Model 142 Stepping 12, GenuineIntel
TMP=C:\Users\Asaph\AppData\Local\Temp
TEMP=C:\Users\Asaph\AppData\Local\Temp



Periodic native trim disabled


---------------  S Y S T E M  ---------------

OS:
 Windows 11 , 64 bit Build 22000 (10.0.22000.2538)
OS uptime: 0 days 10:12 hours

CPU: total 8 (initial active 8) (4 cores per cpu, 2 threads per core) family 6 model 142 stepping 12 microcode 0xf8, cx8, cmov, fxsr, ht, mmx, 3dnowpref, sse, sse2, sse3, ssse3, sse4.1, sse4.2, popcnt, lzcnt, tsc, tscinvbit, avx, avx2, aes, erms, clmul, bmi1, bmi2, adx, fma, vzeroupper, clflush, clflushopt
Processor Information for all 8 processors :
  Max Mhz: 2112, Current Mhz: 1910, Mhz Limit: 1900

Memory: 4k page, system-wide physical 16198M (5929M free)
TotalPageFile size 24224M (AvailPageFile size 24M)
current process WorkingSet (physical memory assigned to process): 167M, peak: 176M
current process commit charge ("private bytes"): 257M, peak: 269M

vm_info: OpenJDK 64-Bit Server VM (17.0.13+11) for windows-amd64 JRE (17.0.13+11), built on Oct 16 2024 00:10:08 by "admin" with MS VC++ 17.7 (VS2022)

END.
