#
# There is insufficient memory for the Java Runtime Environment to continue.
# Native memory allocation (mmap) failed to map 266338304 bytes. Error detail: G1 virtual space
# Possible reasons:
#   The system is out of physical RAM or swap space
#   This process is running with CompressedOops enabled, and the Java Heap may be blocking the growth of the native heap
# Possible solutions:
#   Reduce memory load on the system
#   Increase physical memory or swap space
#   Check if swap backing store is full
#   Decrease Java heap size (-Xmx/-Xms)
#   Decrease number of Java threads
#   Decrease Java thread stack sizes (-Xss)
#   Set larger code cache with -XX:ReservedCodeCacheSize=
#   JVM is running with Zero Based Compressed Oops mode in which the Java heap is
#     placed in the first 32GB address space. The Java Heap base address is the
#     maximum limit for the native heap growth. Please use -XX:HeapBaseMinAddress
#     to set the Java Heap base and to place the Java Heap above 32GB virtual address.
# This output file may be truncated or incomplete.
#
#  Out of Memory Error (os_windows.cpp:3815), pid=17616, tid=11604
#
# JRE version:  (21.0.3) (build )
# Java VM: OpenJDK 64-Bit Server VM (21.0.3+-12282718-b509.11, mixed mode, sharing, tiered, compressed oops, compressed class ptrs, g1 gc, windows-amd64)
# No core dump will be written. Minidumps are not enabled by default on client versions of Windows
#

---------------  S U M M A R Y ------------

Command Line: -Dclassworlds.conf=C:\apache-maven\apache-maven-3.9.6\bin\m2.conf -Dmaven.home=C:\apache-maven\apache-maven-3.9.6 -Dlibrary.jansi.path=C:\apache-maven\apache-maven-3.9.6\lib\jansi-native -Dmaven.multiModuleProjectDirectory=c:\Users\Asaph\Documents\Programs\React\patisserie org.codehaus.plexus.classworlds.launcher.Launcher --version

Host: Intel(R) Core(TM) i7-8665U CPU @ 1.90GHz, 8 cores, 15G,  Windows 11 , 64 bit Build 22000 (10.0.22000.2538)
Time: Sun Jan 19 16:41:33 2025 Afr. centrale Ouest elapsed time: 0.023121 seconds (0d 0h 0m 0s)

---------------  T H R E A D  ---------------

Current thread (0x00000224abe3cfd0):  JavaThread "Unknown thread" [_thread_in_vm, id=11604, stack(0x0000005419f00000,0x000000541a000000) (1024K)]

Stack: [0x0000005419f00000,0x000000541a000000]
Native frames: (J=compiled Java code, j=interpreted, Vv=VM code, C=native code)
V  [jvm.dll+0x6cafb9]
V  [jvm.dll+0x858523]
V  [jvm.dll+0x85aa7e]
V  [jvm.dll+0x85b163]
V  [jvm.dll+0x27d356]
V  [jvm.dll+0x6c7865]
V  [jvm.dll+0x6bbd3a]
V  [jvm.dll+0x35199b]
V  [jvm.dll+0x3595d6]
V  [jvm.dll+0x3aa826]
V  [jvm.dll+0x3aaaf8]
V  [jvm.dll+0x3240bc]
V  [jvm.dll+0x324dab]
V  [jvm.dll+0x81fd89]
V  [jvm.dll+0x3b7c08]
V  [jvm.dll+0x80921d]
V  [jvm.dll+0x44c05e]
V  [jvm.dll+0x44d6b1]
C  [jli.dll+0x52ab]
C  [ucrtbase.dll+0x26c0c]
C  [KERNEL32.DLL+0x153e0]
C  [ntdll.dll+0x485b]


---------------  P R O C E S S  ---------------

Threads class SMR info:
_java_thread_list=0x00007ffe796a57c8, length=0, elements={
}

Java Threads: ( => current thread )
Total: 0

Other Threads:
  0x00000224abe9fe10 WorkerThread "GC Thread#0"                     [id=11920, stack(0x000000541a000000,0x000000541a100000) (1024K)]
  0x00000224abeb0b00 ConcurrentGCThread "G1 Main Marker"            [id=1192, stack(0x000000541a100000,0x000000541a200000) (1024K)]
  0x00000224abeb1770 WorkerThread "G1 Conc#0"                       [id=8916, stack(0x000000541a200000,0x000000541a300000) (1024K)]

[error occurred during error reporting (printing all threads), id 0xc0000005, EXCEPTION_ACCESS_VIOLATION (0xc0000005) at pc=0x00007ffe78ea7197]
VM state: not at safepoint (not fully initialized)

VM Mutex/Monitor currently owned by a thread:  ([mutex/lock_event])
[0x00007ffe797121c8] Heap_lock - owner thread: 0x00000224abe3cfd0

Heap address: 0x0000000702e00000, size: 4050 MB, Compressed Oops mode: Zero based, Oop shift amount: 3

CDS archive(s) mapped at: [0x0000000000000000-0x0000000000000000-0x0000000000000000), size 0, SharedBaseAddress: 0x0000000800000000, ArchiveRelocationMode: 1.
Narrow klass base: 0x0000000000000000, Narrow klass shift: 0, Narrow klass range: 0x0

GC Precious Log:
 CardTable entry size: 512
 Card Set container configuration: InlinePtr #cards 4 size 8 Array Of Cards #cards 16 size 48 Howl #buckets 8 coarsen threshold 3686 Howl Bitmap #cards 512 size 80 coarsen threshold 460 Card regions per heap region 1 cards per card region 4096

Heap:
 garbage-first heap   total 0K, used 0K [0x0000000702e00000, 0x0000000800000000)
  region size 2048K, 0 young (0K), 0 survivors (0K)
 Metaspace       used 0K, committed 0K, reserved 0K
  class space    used 0K, committed 0K, reserved 0K

Heap Regions: E=young(eden), S=young(survivor), O=old, HS=humongous(starts), HC=humongous(continues), CS=collection set, F=free, TAMS=top-at-mark-start, PB=parsable bottom

Card table byte_map: [0x00000224c09c0000,0x00000224c11b0000] _byte_map_base: 0x00000224bd1a9000

Marking Bits: (CMBitMap*) 0x00000224abea0510
 Bits: [0x00000224c11b0000, 0x00000224c50f8000)

GC Heap History (0 events):
No events

Dll operation events (1 events):
Event: 0.014 Loaded shared library C:\Program Files\Android\Android Studio\jbr\bin\java.dll

Deoptimization events (0 events):
No events

Classes loaded (0 events):
No events

Classes unloaded (0 events):
No events

Classes redefined (0 events):
No events

Internal exceptions (0 events):
No events

ZGC Phase Switch (0 events):
No events

VM Operations (0 events):
No events

Events (0 events):
No events


Dynamic libraries:
0x00007ff7ef980000 - 0x00007ff7ef98a000 	C:\Program Files\Android\Android Studio\jbr\bin\java.exe
0x00007fff15880000 - 0x00007fff15a89000 	C:\Windows\SYSTEM32\ntdll.dll
0x00007fff14f50000 - 0x00007fff1500d000 	C:\Windows\System32\KERNEL32.DLL
0x00007fff13150000 - 0x00007fff134d4000 	C:\Windows\System32\KERNELBASE.dll
0x00007fff12f90000 - 0x00007fff130a1000 	C:\Windows\System32\ucrtbase.dll
0x00007fff0bf70000 - 0x00007fff0bf88000 	C:\Program Files\Android\Android Studio\jbr\bin\jli.dll
0x00007ffefa970000 - 0x00007ffefa98b000 	C:\Program Files\Android\Android Studio\jbr\bin\VCRUNTIME140.dll
0x00007fff14b10000 - 0x00007fff14cbd000 	C:\Windows\System32\USER32.dll
0x00007ffefb390000 - 0x00007ffefb635000 	C:\Windows\WinSxS\amd64_microsoft.windows.common-controls_6595b64144ccf1df_6.0.22000.120_none_9d947278b86cc467\COMCTL32.dll
0x00007fff13670000 - 0x00007fff13696000 	C:\Windows\System32\win32u.dll
0x00007fff13d00000 - 0x00007fff13da3000 	C:\Windows\System32\msvcrt.dll
0x00007fff15090000 - 0x00007fff150ba000 	C:\Windows\System32\GDI32.dll
0x00007fff13550000 - 0x00007fff1366e000 	C:\Windows\System32\gdi32full.dll
0x00007fff130b0000 - 0x00007fff1314d000 	C:\Windows\System32\msvcp_win.dll
0x00007fff13e20000 - 0x00007fff13e51000 	C:\Windows\System32\IMM32.DLL
0x00007fff0f220000 - 0x00007fff0f22c000 	C:\Program Files\Android\Android Studio\jbr\bin\vcruntime140_1.dll
0x00007ffe7f4d0000 - 0x00007ffe7f55d000 	C:\Program Files\Android\Android Studio\jbr\bin\msvcp140.dll
0x00007ffe78b70000 - 0x00007ffe797ed000 	C:\Program Files\Android\Android Studio\jbr\bin\server\jvm.dll
0x00007fff140b0000 - 0x00007fff1415e000 	C:\Windows\System32\ADVAPI32.dll
0x00007fff14e40000 - 0x00007fff14ede000 	C:\Windows\System32\sechost.dll
0x00007fff14160000 - 0x00007fff14281000 	C:\Windows\System32\RPCRT4.dll
0x00007fff14dd0000 - 0x00007fff14e3f000 	C:\Windows\System32\WS2_32.dll
0x00007fff125f0000 - 0x00007fff1263d000 	C:\Windows\SYSTEM32\POWRPROF.dll
0x00007fff0b6f0000 - 0x00007fff0b723000 	C:\Windows\SYSTEM32\WINMM.dll
0x00007fff0a5f0000 - 0x00007fff0a5fa000 	C:\Windows\SYSTEM32\VERSION.dll
0x00007fff12590000 - 0x00007fff125a3000 	C:\Windows\SYSTEM32\UMPDC.dll
0x00007fff11dc0000 - 0x00007fff11dd8000 	C:\Windows\SYSTEM32\kernel.appcore.dll
0x00007ffefa960000 - 0x00007ffefa96a000 	C:\Program Files\Android\Android Studio\jbr\bin\jimage.dll
0x00007fff04d70000 - 0x00007fff04f91000 	C:\Windows\SYSTEM32\DBGHELP.DLL
0x00007fff04d30000 - 0x00007fff04d61000 	C:\Windows\SYSTEM32\dbgcore.DLL
0x00007fff12ce0000 - 0x00007fff12d5f000 	C:\Windows\System32\bcryptPrimitives.dll
0x00007ffefa8b0000 - 0x00007ffefa8cf000 	C:\Program Files\Android\Android Studio\jbr\bin\java.dll

dbghelp: loaded successfully - version: 4.0.5 - missing functions: none
symbol engine: initialized successfully - sym options: 0x614 - pdb path: .;C:\Program Files\Android\Android Studio\jbr\bin;C:\Windows\SYSTEM32;C:\Windows\WinSxS\amd64_microsoft.windows.common-controls_6595b64144ccf1df_6.0.22000.120_none_9d947278b86cc467;C:\Program Files\Android\Android Studio\jbr\bin\server

VM Arguments:
jvm_args: -Dclassworlds.conf=C:\apache-maven\apache-maven-3.9.6\bin\m2.conf -Dmaven.home=C:\apache-maven\apache-maven-3.9.6 -Dlibrary.jansi.path=C:\apache-maven\apache-maven-3.9.6\lib\jansi-native -Dmaven.multiModuleProjectDirectory=c:\Users\Asaph\Documents\Programs\React\patisserie 
java_command: org.codehaus.plexus.classworlds.launcher.Launcher --version
java_class_path (initial): C:\apache-maven\apache-maven-3.9.6\boot\plexus-classworlds-2.7.0.jar
Launcher Type: SUN_STANDARD

[Global flags]
     intx CICompilerCount                          = 4                                         {product} {ergonomic}
     uint ConcGCThreads                            = 2                                         {product} {ergonomic}
     uint G1ConcRefinementThreads                  = 8                                         {product} {ergonomic}
   size_t G1HeapRegionSize                         = 2097152                                   {product} {ergonomic}
    uintx GCDrainStackTargetSize                   = 64                                        {product} {ergonomic}
   size_t InitialHeapSize                          = 266338304                                 {product} {ergonomic}
   size_t MarkStackSize                            = 4194304                                   {product} {ergonomic}
   size_t MaxHeapSize                              = 4246732800                                {product} {ergonomic}
   size_t MinHeapDeltaBytes                        = 2097152                                   {product} {ergonomic}
   size_t MinHeapSize                              = 8388608                                   {product} {ergonomic}
    uintx NonNMethodCodeHeapSize                   = 5839372                                {pd product} {ergonomic}
    uintx NonProfiledCodeHeapSize                  = 122909434                              {pd product} {ergonomic}
    uintx ProfiledCodeHeapSize                     = 122909434                              {pd product} {ergonomic}
    uintx ReservedCodeCacheSize                    = 251658240                              {pd product} {ergonomic}
     bool SegmentedCodeCache                       = true                                      {product} {ergonomic}
   size_t SoftMaxHeapSize                          = 4246732800                             {manageable} {ergonomic}
     bool UseCompressedOops                        = true                           {product lp64_product} {ergonomic}
     bool UseG1GC                                  = true                                      {product} {ergonomic}
     bool UseLargePagesIndividualAllocation        = false                                  {pd product} {ergonomic}

Logging:
Log output configuration:
 #0: stdout all=warning uptime,level,tags foldmultilines=false
 #1: stderr all=off uptime,level,tags foldmultilines=false

Environment Variables:
JAVA_HOME=C:\Program Files\Android\Android Studio\jbr
CLASSPATH=C:\LINGO64_21\Lingo21.jar
PATH=C:\Users\Asaph\AppData\Local\flutter\bin;C:\Program Files (x86)\VMware\VMware Workstation\bin\;C:\Windows\system32;C:\Windows;C:\Windows\System32\Wbem;C:\Windows\System32\WindowsPowerShell\v1.0\;C:\Windows\System32\OpenSSH\;C:\Program Files\Java\jdk-17\bin;C:\ProgramData\chocolatey\bin;C:\Program Files\dotnet\;C:\MinGW\bin;C:\apache-maven\apache-maven-3.9.6\bin;C:\php-8.2.5-nts-Win32-vs16-x64;C:\Program Files\MiKTeX\miktex\bin\x64\;C:\apache-tomcat\apache-tomcat-7.0.109\bin;C:\ghc-9.8.3-x86_64-unknown-mingw32\bin;C:\cabal-install-3.12.1.0-x86_64-windows;C:\cabal-install-3.10.2.0-x86_64-windows;C:\Program Files\MongoDB\Server\8.0\bin;C:\mongosh-2.3.3-win32-x64\bin;C:\LINGO64_21\;C:\Program Files\Microsoft SQL Server\150\Tools\Binn\;C:\Program Files\Microsoft SQL Server\Client SDK\ODBC\170\Tools\Binn\;C:\Users\Asaph\AppData\Roaming\npm;C:\dart-sdk\bin;C:\Users\Asaph\AppData\Local\Android\Sdk\cmdline-tools\latest\bin;C:\Program Files\Pandoc\;C:\TeXcount_3_2_0_41;C:\Strawberry\c\bin;C:\Strawberry\perl\site\bin;C:\Strawberry\perl\bin;C:\ltex-ls-16.0.0\bin;C:\Program Files\nodejs\;C:\Program Files\Git\cmd;C:\Users\Asaph\AppData\Local\Microsoft\WindowsApps;C:\Users\Asaph\AppData\Local\GitHubDesktop\bin;C:\Users\Asaph\.dotnet\tools;C:\Program Files\Git\bin;C:\Users\Asaph\AppData\Local\Programs\Microsoft VS Code\bin;C:\Users\Asaph\AppData\Roaming\npm
USERNAME=Asaph
OS=Windows_NT
PROCESSOR_IDENTIFIER=Intel64 Family 6 Model 142 Stepping 12, GenuineIntel
TMP=C:\Users\Asaph\AppData\Local\Temp
TEMP=C:\Users\Asaph\AppData\Local\Temp




Periodic native trim disabled

JNI global refs:
JNI global refs: 0, weak refs: 0

JNI global refs memory usage: 0, weak refs: 0

Process memory usage:
Resident Set Size: 10988K (0% of 16586964K total physical memory with 6386620K free physical memory)

OOME stack traces (most recent first):
Classloader memory used:

---------------  S Y S T E M  ---------------

OS:
 Windows 11 , 64 bit Build 22000 (10.0.22000.2538)
OS uptime: 0 days 10:21 hours

CPU: total 8 (initial active 8) (4 cores per cpu, 2 threads per core) family 6 model 142 stepping 12 microcode 0xf8, cx8, cmov, fxsr, ht, mmx, 3dnowpref, sse, sse2, sse3, ssse3, sse4.1, sse4.2, popcnt, lzcnt, tsc, tscinvbit, avx, avx2, aes, erms, clmul, bmi1, bmi2, adx, fma, vzeroupper, clflush, clflushopt, rdtscp, f16c
Processor Information for processor 0
  Max Mhz: 2112, Current Mhz: 1508, Mhz Limit: 1900
Processor Information for processor 1
  Max Mhz: 2112, Current Mhz: 1508, Mhz Limit: 1900
Processor Information for processor 2
  Max Mhz: 2112, Current Mhz: 1910, Mhz Limit: 1900
Processor Information for processor 3
  Max Mhz: 2112, Current Mhz: 1910, Mhz Limit: 1900
Processor Information for processor 4
  Max Mhz: 2112, Current Mhz: 1910, Mhz Limit: 1900
Processor Information for processor 5
  Max Mhz: 2112, Current Mhz: 1508, Mhz Limit: 1900
Processor Information for processor 6
  Max Mhz: 2112, Current Mhz: 1910, Mhz Limit: 1900
Processor Information for processor 7
  Max Mhz: 2112, Current Mhz: 1508, Mhz Limit: 1900

Memory: 4k page, system-wide physical 16198M (6236M free)
TotalPageFile size 24224M (AvailPageFile size 40M)
current process WorkingSet (physical memory assigned to process): 10M, peak: 10M
current process commit charge ("private bytes"): 60M, peak: 314M

vm_info: OpenJDK 64-Bit Server VM (21.0.3+-12282718-b509.11) for windows-amd64 JRE (21.0.3+-12282718-b509.11), built on 2024-08-27T17:34:15Z by "builder" with MS VC++ 16.10 / 16.11 (VS2019)

END.
